Nov 04 10:32:23, NI:RIOT2-5c:cf:7f:c6:d2:f0,SW: 1.1a,TE: 24.5,HU: 38.9,PR:102.6,SE:     1,AN:  27,AL:0,D1:0
Nov 04 10:33:01, NI:RIOT3-5c:cf:7f:00:72:6e,SW: 1.0a,SE:    15,ST:,Z0:    0
Nov 04 10:33:01, NI:RIOT2-5c:cf:7f:c6:d2:f0,SW: 1.1a,TE: 24.5,HU: 38.9,PR:102.6,SE:     2,AN:  84,AL:0,D1:0
Nov 04 10:34:01, NI:RIOT3-5c:cf:7f:00:72:6e,SW: 1.0a,SE:    16,ST:,Z0:    0
Nov 04 10:34:01, NI:RIOT2-5c:cf:7f:c6:d2:f0,SW: 1.1a,TE: 24.5,HU: 38.8,PR:102.6,SE:     3,AN:  40,AL:0,D1:0
Nov 04 10:35:01, NI:RIOT3-5c:cf:7f:00:72:6e,SW: 1.0a,SE:    17,ST:,Z0:    0
Nov 04 10:35:01, NI:RIOT2-5c:cf:7f:c6:d2:f0,SW: 1.1a,TE: 24.6,HU: 38.8,PR:102.6,SE:     4,AN:  56,AL:0,D1:0
Nov 04 10:36:01, NI:RIOT3-5c:cf:7f:00:72:6e,SW: 1.0a,SE:    18,ST:,Z0:    0
Nov 04 10:36:01, NI:RIOT2-5c:cf:7f:c6:d2:f0,SW: 1.1a,TE: 24.6,HU: 38.8,PR:102.6,SE:     5,AN:  85,AL:0,D1:0
Nov 04 10:37:01, NI:RIOT3-5c:cf:7f:00:72:6e,SW: 1.0a,SE:    19,ST:,Z0:    0
Nov 04 10:37:01, NI:RIOT2-5c:cf:7f:c6:d2:f0,SW: 1.1a,TE: 24.7,HU: 38.7,PR:102.6,SE:     6,AN:  75,AL:0,D1:0
Nov 04 10:38:01, NI:RIOT3-5c:cf:7f:00:72:6e,SW: 1.0a,SE:    20,ST:,Z0:    0
Nov 04 10:38:01, NI:RIOT2-5c:cf:7f:c6:d2:f0,SW: 1.1a,TE: 24.7,HU: 38.5,PR:102.6,SE:     7,AN:  79,AL:0,D1:0
Nov 04 10:39:01, NI:RIOT3-5c:cf:7f:00:72:6e,SW: 1.0a,SE:    21,ST:,Z0:    0
Nov 04 10:39:01, NI:RIOT2-5c:cf:7f:c6:d2:f0,SW: 1.1a,TE: 24.8,HU: 38.6,PR:102.6,SE:     8,AN:  62,AL:0,D1:0
Nov 04 10:40:01, NI:RIOT3-5c:cf:7f:00:72:6e,SW: 1.0a,SE:    22,ST:,Z0:    0
Nov 04 10:40:01, NI:RIOT2-5c:cf:7f:c6:d2:f0,SW: 1.1a,TE: 24.9,HU: 38.1,PR:102.6,SE:     9,AN:  71,AL:0,D1:0
Nov 04 10:41:01, NI:RIOT3-5c:cf:7f:00:72:6e,SW: 1.0a,SE:    23,ST:,Z0:    0
Nov 04 10:41:01, NI:RIOT2-5c:cf:7f:c6:d2:f0,SW: 1.1a,TE: 25.0,HU: 38.0,PR:102.6,SE:    10,AN:  65,AL:0,D1:0
Nov 04 10:42:01, NI:RIOT3-5c:cf:7f:00:72:6e,SW: 1.0a,SE:    24,ST:,Z0:    0
Nov 04 10:42:01, NI:RIOT2-5c:cf:7f:c6:d2:f0,SW: 1.1a,TE: 25.0,HU: 38.2,PR:102.6,SE:    11,AN:  32,AL:0,D1:0
Nov 04 10:43:01, NI:RIOT3-5c:cf:7f:00:72:6e,SW: 1.0a,SE:    25,ST:,Z0:    0
Nov 04 10:43:01, NI:RIOT2-5c:cf:7f:c6:d2:f0,SW: 1.1a,TE: 25.0,HU: 38.0,PR:102.6,SE:    12,AN:  65,AL:0,D1:0
Nov 04 10:44:01, NI:RIOT3-5c:cf:7f:00:72:6e,SW: 1.0a,SE:    26,ST:,Z0:    0
Nov 04 10:44:01, NI:RIOT2-5c:cf:7f:c6:d2:f0,SW: 1.1a,TE: 25.1,HU: 37.9,PR:102.6,SE:    13,AN:  32,AL:0,D1:0
Nov 04 10:45:01, NI:RIOT3-5c:cf:7f:00:72:6e,SW: 1.0a,SE:    27,ST:,Z0:    0
Nov 04 10:45:32, NI:RIOT2-5c:cf:7f:c6:d2:f0,SW: 1.1a,SE:     0,SD:,TE: 25.1,HU: 37.9,PR:102.6,AN:  80,AL:0,D1:0
Nov 04 10:46:01, NI:RIOT3-5c:cf:7f:00:72:6e,SW: 1.0a,SE:    28,ST:,Z0:    0
Nov 04 10:46:32, NI:RIOT2-5c:cf:7f:c6:d2:f0,SW: 1.1a,SE:     1,SD:,TE: 25.2,HU: 37.6,PR:102.6,AN:  74,AL:0,D1:0
Nov 04 10:47:01, NI:RIOT3-5c:cf:7f:00:72:6e,SW: 1.0a,SE:    29,ST:,Z0:    0
Nov 04 10:47:32, NI:RIOT2-5c:cf:7f:c6:d2:f0,SW: 1.1a,SE:     2,SD:,TE: 25.2,HU: 37.6,PR:102.6,AN:  73,AL:0,D1:0
Nov 04 10:48:01, NI:RIOT3-5c:cf:7f:00:72:6e,SW: 1.0a,SE:    30,ST:,Z0:    0
Nov 04 10:48:32, NI:RIOT2-5c:cf:7f:c6:d2:f0,SW: 1.1a,SE:     3,SD:,TE: 25.3,HU: 37.5,PR:102.6,AN:  31,AL:0,D1:0
Nov 04 10:49:01, NI:RIOT3-5c:cf:7f:00:72:6e,SW: 1.0a,SE:    31,ST:,Z0:    0
Nov 04 10:49:32, NI:RIOT2-5c:cf:7f:c6:d2:f0,SW: 1.1a,SE:     4,SD:,TE: 25.3,HU: 37.4,PR:102.6,AN:  37,AL:0,D1:0
Nov 04 10:50:01, NI:RIOT3-5c:cf:7f:00:72:6e,SW: 1.0a,SE:    32,ST:,Z0:    0
Nov 04 10:50:32, NI:RIOT2-5c:cf:7f:c6:d2:f0,SW: 1.1a,SE:     5,SD:,TE: 25.3,HU: 37.3,PR:102.6,AN:  73,AL:0,D1:0
Nov 04 10:51:01, NI:RIOT3-5c:cf:7f:00:72:6e,SW: 1.0a,SE:    33,ST:,Z0:    0
Nov 04 10:51:32, NI:RIOT2-5c:cf:7f:c6:d2:f0,SW: 1.1a,SE:     6,SD:,TE: 25.3,HU: 37.4,PR:102.6,AN:  53,AL:0,D1:0
Nov 04 10:52:01, NI:RIOT3-5c:cf:7f:00:72:6e,SW: 1.0a,SE:    34,ST:,Z0:    0
Nov 04 10:52:32, NI:RIOT2-5c:cf:7f:c6:d2:f0,SW: 1.1a,SE:     7,SD:,TE: 25.4,HU: 37.3,PR:102.6,AN:  27,AL:0,D1:0
Nov 04 10:53:01, NI:RIOT3-5c:cf:7f:00:72:6e,SW: 1.0a,SE:    35,ST:,Z0:    0
Nov 04 10:53:32, NI:RIOT2-5c:cf:7f:c6:d2:f0,SW: 1.1a,SE:     8,SD:,TE: 25.4,HU: 37.3,PR:102.6,AN:  74,AL:0,D1:0
Nov 04 10:54:01, NI:RIOT3-5c:cf:7f:00:72:6e,SW: 1.0a,SE:    36,ST:,Z0:    0
Nov 04 10:54:32, NI:RIOT2-5c:cf:7f:c6:d2:f0,SW: 1.1a,SE:     9,SD:,TE: 25.4,HU: 37.2,PR:102.6,AN:  77,AL:0,D1:0
Nov 04 10:55:01, NI:RIOT3-5c:cf:7f:00:72:6e,SW: 1.0a,SE:    37,ST:,Z0:    0
Nov 04 10:55:32, NI:RIOT2-5c:cf:7f:c6:d2:f0,SW: 1.1a,SE:    10,SD:,TE: 25.5,HU: 37.2,PR:102.6,AN:  74,AL:0,D1:0
Nov 04 10:56:01, NI:RIOT3-5c:cf:7f:00:72:6e,SW: 1.0a,SE:    38,ST:,Z0:    0
Nov 04 10:56:32, NI:RIOT2-5c:cf:7f:c6:d2:f0,SW: 1.1a,SE:    11,SD:,TE: 25.5,HU: 37.1,PR:102.6,AN:  33,AL:0,D1:0
Nov 04 10:57:01, NI:RIOT3-5c:cf:7f:00:72:6e,SW: 1.0a,SE:    39,ST:,Z0:    0
Nov 04 10:57:32, NI:RIOT2-5c:cf:7f:c6:d2:f0,SW: 1.1a,SE:    12,SD:,TE: 25.5,HU: 37.1,PR:102.6,AN:  55,AL:0,D1:0
Nov 04 10:58:01, NI:RIOT3-5c:cf:7f:00:72:6e,SW: 1.0a,SE:    40,ST:,Z0:    0
Nov 04 10:58:32, NI:RIOT2-5c:cf:7f:c6:d2:f0,SW: 1.1a,SE:    13,SD:,TE: 25.6,HU: 37.3,PR:102.6,AN:  26,AL:0,D1:0
Nov 04 10:59:01, NI:RIOT3-5c:cf:7f:00:72:6e,SW: 1.0a,SE:    41,ST:,Z0:    0
Nov 04 10:59:32, NI:RIOT2-5c:cf:7f:c6:d2:f0,SW: 1.1a,SE:    14,SD:,TE: 25.5,HU: 37.3,PR:102.6,AN:  68,AL:0,D1:0
Nov 04 11:00:01, NI:RIOT3-5c:cf:7f:00:72:6e,SW: 1.0a,SE:    42,ST:,Z0:    0
Nov 04 11:00:32, NI:RIOT2-5c:cf:7f:c6:d2:f0,SW: 1.1a,SE:    15,SD:,TE: 25.6,HU: 37.1,PR:102.6,AN:  75,AL:0,D1:0
Nov 04 11:01:01, NI:RIOT3-5c:cf:7f:00:72:6e,SW: 1.0a,SE:    43,ST:,Z0:    0
Nov 04 11:01:23, NI:RIOT3-5c:cf:7f:00:72:6e,SW: 1.0a,SE:    44,ST:,Z0:    0
Nov 04 11:01:23, NI:RIOT2-5c:cf:7f:c6:d2:f0,SW: 1.1a,SE:    16,SD:,TE: 25.6,HU: 37.1,PR:102.6,AN:  56,AL:0,D1:0
Nov 04 11:02:23, NI:RIOT2-5c:cf:7f:c6:d2:f0,SW: 1.1a,SE:    17,SD:,TE: 25.6,HU: 37.0,PR:102.6,AN:  28,AL:0,D1:0
Nov 04 11:02:23, NI:RIOT3-5c:cf:7f:00:72:6e,SW: 1.0a,SE:    45,ST:,Z0:    0
Nov 04 11:03:23, NI:RIOT2-5c:cf:7f:c6:d2:f0,SW: 1.1a,SE:    18,SD:,TE: 25.7,HU: 37.0,PR:102.6,AN:  50,AL:0,D1:0
Nov 04 11:03:23, NI:RIOT3-5c:cf:7f:00:72:6e,SW: 1.0a,SE:    46,ST:,Z0:    0
Nov 04 11:04:23, NI:RIOT2-5c:cf:7f:c6:d2:f0,SW: 1.1a,SE:    19,SD:,TE: 25.7,HU: 36.9,PR:102.6,AN:  29,AL:0,D1:0
Nov 04 11:04:23, NI:RIOT3-5c:cf:7f:00:72:6e,SW: 1.0a,SE:    47,ST:,Z0:    0
Nov 04 11:05:23, NI:RIOT2-5c:cf:7f:c6:d2:f0,SW: 1.1a,SE:    20,SD:,TE: 25.7,HU: 36.7,PR:102.6,AN:  70,AL:0,D1:0
Nov 04 11:05:23, NI:RIOT3-5c:cf:7f:00:72:6e,SW: 1.0a,SE:    48,ST:,Z0:    0
Nov 04 11:06:23, NI:RIOT2-5c:cf:7f:c6:d2:f0,SW: 1.1a,SE:    21,SD:,TE: 25.7,HU: 36.9,PR:102.6,AN:  73,AL:0,D1:0
Nov 04 11:06:23, NI:RIOT3-5c:cf:7f:00:72:6e,SW: 1.0a,SE:    49,ST:,Z0:    0
Nov 04 11:07:23, NI:RIOT2-5c:cf:7f:c6:d2:f0,SW: 1.1a,SE:    22,SD:,TE: 25.8,HU: 36.9,PR:102.6,AN:  26,AL:0,D1:0
Nov 04 11:07:23, NI:RIOT3-5c:cf:7f:00:72:6e,SW: 1.0a,SE:    50,ST:,Z0:    0
Nov 04 11:08:23, NI:RIOT2-5c:cf:7f:c6:d2:f0,SW: 1.1a,SE:    23,SD:,TE: 25.8,HU: 36.7,PR:102.6,AN:  27,AL:0,D1:0
Nov 04 11:08:23, NI:RIOT3-5c:cf:7f:00:72:6e,SW: 1.0a,SE:    51,ST:,Z0:    0
Nov 04 11:09:23, NI:RIOT2-5c:cf:7f:c6:d2:f0,SW: 1.1a,SE:    24,SD:,TE: 25.8,HU: 36.8,PR:102.6,AN:  23,AL:0,D1:0
Nov 04 11:09:23, NI:RIOT3-5c:cf:7f:00:72:6e,SW: 1.0a,SE:    52,ST:,Z0:    0
Nov 04 11:10:23, NI:RIOT2-5c:cf:7f:c6:d2:f0,SW: 1.1a,SE:    25,SD:,TE: 25.8,HU: 36.7,PR:102.6,AN:  28,AL:0,D1:0
Nov 04 11:10:23, NI:RIOT3-5c:cf:7f:00:72:6e,SW: 1.0a,SE:    53,ST:,Z0:    0
Nov 04 11:11:23, NI:RIOT2-5c:cf:7f:c6:d2:f0,SW: 1.1a,SE:    26,SD:,TE: 25.8,HU: 36.6,PR:102.6,AN:  44,AL:0,D1:0
Nov 04 11:11:23, NI:RIOT3-5c:cf:7f:00:72:6e,SW: 1.0a,SE:    54,ST:,Z0:    0
Nov 04 11:12:23, NI:RIOT2-5c:cf:7f:c6:d2:f0,SW: 1.1a,SE:    27,SD:,TE: 25.9,HU: 36.6,PR:102.6,AN:  49,AL:0,D1:0
Nov 04 11:12:23, NI:RIOT3-5c:cf:7f:00:72:6e,SW: 1.0a,SE:    55,ST:,Z0:    0
Nov 04 11:13:23, NI:RIOT2-5c:cf:7f:c6:d2:f0,SW: 1.1a,SE:    28,SD:,TE: 25.8,HU: 36.5,PR:102.6,AN:  51,AL:0,D1:0
Nov 04 11:13:23, NI:RIOT3-5c:cf:7f:00:72:6e,SW: 1.0a,SE:    56,ST:,Z0:    0
Nov 04 11:14:23, NI:RIOT2-5c:cf:7f:c6:d2:f0,SW: 1.1a,SE:    29,SD:,TE: 25.9,HU: 36.6,PR:102.6,AN:  52,AL:0,D1:0
Nov 04 11:14:23, NI:RIOT3-5c:cf:7f:00:72:6e,SW: 1.0a,SE:    57,ST:,Z0:    0
Nov 04 11:15:23, NI:RIOT2-5c:cf:7f:c6:d2:f0,SW: 1.1a,SE:    30,SD:,TE: 25.9,HU: 36.5,PR:102.6,AN:  60,AL:0,D1:0
Nov 04 11:15:23, NI:RIOT3-5c:cf:7f:00:72:6e,SW: 1.0a,SE:    58,ST:,Z0:    0
Nov 04 11:16:23, NI:RIOT2-5c:cf:7f:c6:d2:f0,SW: 1.1a,SE:    31,SD:,TE: 25.9,HU: 36.4,PR:102.6,AN:  72,AL:0,D1:0
Nov 04 11:16:23, NI:RIOT3-5c:cf:7f:00:72:6e,SW: 1.0a,SE:    59,ST:,Z0:    0
Nov 04 11:17:23, NI:RIOT2-5c:cf:7f:c6:d2:f0,SW: 1.1a,SE:    32,SD:,TE: 26.0,HU: 36.5,PR:102.6,AN:  33,AL:0,D1:0
Nov 04 11:17:23, NI:RIOT3-5c:cf:7f:00:72:6e,SW: 1.0a,SE:    60,ST:,Z0:    0
Nov 04 11:18:23, NI:RIOT2-5c:cf:7f:c6:d2:f0,SW: 1.1a,SE:    33,SD:,TE: 26.0,HU: 36.3,PR:102.6,AN:  71,AL:0,D1:0
Nov 04 11:18:23, NI:RIOT3-5c:cf:7f:00:72:6e,SW: 1.0a,SE:    61,ST:,Z0:    0
Nov 04 11:19:23, NI:RIOT2-5c:cf:7f:c6:d2:f0,SW: 1.1a,SE:    34,SD:,TE: 26.0,HU: 36.3,PR:102.6,AN:  67,AL:0,D1:0
Nov 04 11:19:23, NI:RIOT3-5c:cf:7f:00:72:6e,SW: 1.0a,SE:    62,ST:,Z0:    0
Nov 04 11:20:23, NI:RIOT2-5c:cf:7f:c6:d2:f0,SW: 1.1a,SE:    35,SD:,TE: 26.0,HU: 36.4,PR:102.6,AN:  50,AL:0,D1:0
Nov 04 11:20:23, NI:RIOT3-5c:cf:7f:00:72:6e,SW: 1.0a,SE:    63,ST:,Z0:    0
Nov 04 11:21:23, NI:RIOT2-5c:cf:7f:c6:d2:f0,SW: 1.1a,SE:    36,SD:,TE: 26.0,HU: 36.3,PR:102.6,AN:  32,AL:0,D1:0
Nov 04 11:21:23, NI:RIOT3-5c:cf:7f:00:72:6e,SW: 1.0a,SE:    64,ST:,Z0:    0
Nov 04 11:22:23, NI:RIOT2-5c:cf:7f:c6:d2:f0,SW: 1.1a,SE:    37,SD:,TE: 26.1,HU: 36.4,PR:102.6,AN:  53,AL:0,D1:0
Nov 04 11:22:23, NI:RIOT3-5c:cf:7f:00:72:6e,SW: 1.0a,SE:    65,ST:,Z0:    0
Nov 04 11:22:46, NI:RIOT3-5c:cf:7f:00:72:6e,SW: 1.0a,SE:    66,ST:,Z0:    0
Nov 04 11:22:46, NI:RIOT2-5c:cf:7f:c6:d2:f0,SW: 1.1a,SE:    38,SD:,TE: 26.1,HU: 36.2,PR:102.6,AN:  74,AL:0,D1:0
Nov 04 11:23:45, NI:RIOT3-5c:cf:7f:00:72:6e,SW: 1.0a,SE:    67,ST:,Z0:    0
Nov 04 11:23:46, NI:RIOT2-5c:cf:7f:c6:d2:f0,SW: 1.1a,SE:    39,SD:,TE: 26.1,HU: 36.4,PR:102.6,AN:  57,AL:0,D1:0
Nov 04 11:24:45, NI:RIOT3-5c:cf:7f:00:72:6e,SW: 1.0a,SE:    68,ST:,Z0:    0
Nov 04 11:24:46, NI:RIOT2-5c:cf:7f:c6:d2:f0,SW: 1.1a,SE:    40,SD:,TE: 26.3,HU: 35.9,PR:102.6,AN:  64,AL:0,D1:0
Nov 04 11:25:37, NI:RIOT2-5c:cf:7f:c6:d2:f0,SW: 1.1a,SE:     0,SD:,TE: 26.3,HU: 35.9,PR:102.6,AN: 139,AL:0,D1:0
Nov 04 11:25:45, NI:RIOT3-5c:cf:7f:00:72:6e,SW: 1.0a,SE:     0,ST:,Z0:    0
Nov 04 11:26:06, NI:RIOT2-5c:cf:7f:c6:d2:f0,SW: 1.1a,SE:     0,SD:,TE: 26.3,HU: 36.4,PR:102.6,AN:  63,AL:0,D1:0
Nov 04 11:26:45, NI:RIOT3-5c:cf:7f:00:72:6e,SW: 1.0a,SE:     1,ST:,Z0:    0
Nov 04 11:27:05, NI:RIOT2-5c:cf:7f:c6:d2:f0,SW: 1.1a,SE:     1,SD:,TE: 26.4,HU: 35.7,PR:102.6,AN:  46,AL:0,D1:0
Nov 04 11:27:45, NI:RIOT3-5c:cf:7f:00:72:6e,SW: 1.0a,SE:     2,ST:,Z0:    0
Nov 04 11:28:05, NI:RIOT2-5c:cf:7f:c6:d2:f0,SW: 1.1a,SE:     2,SD:,TE: 26.4,HU: 35.6,PR:102.6,AN:  49,AL:0,D1:0
Nov 04 11:28:45, NI:RIOT3-5c:cf:7f:00:72:6e,SW: 1.0a,SE:     3,ST:,Z0:    0
Nov 04 11:29:05, NI:RIOT2-5c:cf:7f:c6:d2:f0,SW: 1.1a,SE:     3,SD:,TE: 26.5,HU: 35.5,PR:102.6,AN:  30,AL:0,D1:0
Nov 04 11:29:45, NI:RIOT3-5c:cf:7f:00:72:6e,SW: 1.0a,SE:     4,ST:,Z0:    0
Nov 04 11:30:05, NI:RIOT2-5c:cf:7f:c6:d2:f0,SW: 1.1a,SE:     4,SD:,TE: 26.5,HU: 35.4,PR:102.6,AN:  59,AL:0,D1:0
Nov 04 11:30:45, NI:RIOT3-5c:cf:7f:00:72:6e,SW: 1.0a,SE:     5,ST:,Z0:    0
Nov 04 11:31:05, NI:RIOT2-5c:cf:7f:c6:d2:f0,SW: 1.1a,SE:     5,SD:,TE: 26.5,HU: 35.4,PR:102.6,AN:  54,AL:0,D1:0
Nov 04 11:31:45, NI:RIOT3-5c:cf:7f:00:72:6e,SW: 1.0a,SE:     6,ST:,Z0:    0
Nov 04 11:32:05, NI:RIOT2-5c:cf:7f:c6:d2:f0,SW: 1.1a,SE:     6,SD:,TE: 26.5,HU: 35.4,PR:102.6,AN:  30,AL:0,D1:0
Nov 04 11:32:45, NI:RIOT3-5c:cf:7f:00:72:6e,SW: 1.0a,SE:     7,ST:,Z0:    0
Nov 04 11:33:05, NI:RIOT2-5c:cf:7f:c6:d2:f0,SW: 1.1a,SE:     7,SD:,TE: 26.5,HU: 35.4,PR:102.6,AN:  61,AL:0,D1:0
Nov 04 11:33:45, NI:RIOT3-5c:cf:7f:00:72:6e,SW: 1.0a,SE:     8,ST:,Z0:    0
Nov 04 11:34:05, NI:RIOT2-5c:cf:7f:c6:d2:f0,SW: 1.1a,SE:     8,SD:,TE: 26.5,HU: 35.3,PR:102.6,AN:  27,AL:0,D1:0
Nov 04 11:34:45, NI:RIOT3-5c:cf:7f:00:72:6e,SW: 1.0a,SE:     9,ST:,Z0:    0
Nov 04 11:35:05, NI:RIOT2-5c:cf:7f:c6:d2:f0,SW: 1.1a,SE:     9,SD:,TE: 26.6,HU: 35.3,PR:102.6,AN:  56,AL:0,D1:0
Nov 04 11:35:45, NI:RIOT3-5c:cf:7f:00:72:6e,SW: 1.0a,SE:    10,ST:,Z0:    0
Nov 04 11:36:05, NI:RIOT2-5c:cf:7f:c6:d2:f0,SW: 1.1a,SE:    10,SD:,TE: 26.6,HU: 35.2,PR:102.6,AN:  54,AL:0,D1:0
Nov 04 11:36:45, NI:RIOT3-5c:cf:7f:00:72:6e,SW: 1.0a,SE:    11,ST:,Z0:    0
Nov 04 11:37:05, NI:RIOT2-5c:cf:7f:c6:d2:f0,SW: 1.1a,SE:    11,SD:,TE: 26.9,HU: 35.1,PR:102.6,AN:  40,AL:0,D1:0
Nov 04 11:37:45, NI:RIOT3-5c:cf:7f:00:72:6e,SW: 1.0a,SE:    12,ST:,Z0:    0
Nov 04 11:38:05, NI:RIOT2-5c:cf:7f:c6:d2:f0,SW: 1.1a,SE:    12,SD:,TE: 27.2,HU: 34.2,PR:102.6,AN:  60,AL:0,D1:0
Nov 04 11:38:45, NI:RIOT3-5c:cf:7f:00:72:6e,SW: 1.0a,SE:    13,ST:,Z0:    0
Nov 04 11:39:05, NI:RIOT2-5c:cf:7f:c6:d2:f0,SW: 1.1a,SE:    13,SD:,TE: 27.0,HU: 34.4,PR:102.6,AN:  25,AL:0,D1:0
Nov 04 11:39:18, NI:RIOT3-5c:cf:7f:00:72:6e,SW: 1.0a,SE:    14,ST:,Z0:    0
Nov 04 11:39:18, NI:RIOT2-5c:cf:7f:c6:d2:f0,SW: 1.1a,SE:    14,SD:,TE: 27.0,HU: 34.5,PR:102.6,AN:  56,AL:0,D1:0
Nov 04 11:40:17, NI:RIOT2-5c:cf:7f:c6:d2:f0,SW: 1.1a,SE:    15,SD:,TE: 27.0,HU: 34.5,PR:102.6,AN:  37,AL:0,D1:0
Nov 04 11:40:18, NI:RIOT3-5c:cf:7f:00:72:6e,SW: 1.0a,SE:    15,ST:,Z0:    0
Nov 04 11:41:14, NI:RIOT3-5c:cf:7f:00:72:6e,SW: 1.0a,SE:     0,ST:,Z0:    0
Nov 04 11:41:27, NI:RIOT2-5c:cf:7f:c6:d2:f0,SW: 1.1a,SE:     0,SD:,TE: 27.0,HU: 35.1,PR:102.6,AN:  77,AL:0,D1:0
Nov 04 11:42:14, NI:RIOT3-5c:cf:7f:00:72:6e,SW: 1.0a,SE:     1,ST:,Z0:    0
Nov 04 11:42:27, NI:RIOT2-5c:cf:7f:c6:d2:f0,SW: 1.1a,SE:     1,SD:,TE: 27.1,HU: 34.2,PR:102.6,AN:  53,AL:0,D1:0
Nov 04 11:42:50, NI:RIOT3-5c:cf:7f:00:72:6e,SW: 1.0a,SE:     0,IS:,Z0:    0
Nov 04 11:43:27, NI:RIOT2-5c:cf:7f:c6:d2:f0,SW: 1.1a,SE:     2,SD:,TE: 27.1,HU: 34.4,PR:102.6,AN:  33,AL:0,D1:0
Nov 04 11:43:49, NI:RIOT3-5c:cf:7f:00:72:6e,SW: 1.0a,SE:     1,IS:,Z0:    0
Nov 04 11:43:49, NI:RIOT2-5c:cf:7f:c6:d2:f0,SW: 1.1a,SE:     3,SD:,TE: 27.0,HU: 34.4,PR:102.6,AN:  63,AL:0,D1:0
Nov 04 11:44:08, NI:RIOT3-5c:cf:7f:00:72:6e,SW: 1.0a,SE:     2,IS:,Z0:    0
Nov 04 11:44:08, NI:RIOT2-5c:cf:7f:c6:d2:f0,SW: 1.1a,SE:     4,SD:,TE: 27.0,HU: 34.4,PR:102.6,AN:  37,AL:0,D1:0
Nov 04 11:44:33, NI:RIOT3-5c:cf:7f:00:72:6e,SW: 1.0a,SE:     3,IS:,Z0:    0
Nov 04 11:44:33, NI:RIOT2-5c:cf:7f:c6:d2:f0,SW: 1.1a,SE:     5,SD:,TE: 27.0,HU: 34.5,PR:102.6,AN:  60,AL:0,D1:0
Nov 04 11:45:32, NI:RIOT3-5c:cf:7f:00:72:6e,SW: 1.0a,SE:     4,IS:,Z0:    0
Nov 04 11:45:33, NI:RIOT2-5c:cf:7f:c6:d2:f0,SW: 1.1a,SE:     6,SD:,TE: 27.0,HU: 34.5,PR:102.6,AN:  38,AL:0,D1:0
Nov 04 11:45:36, NI:RIOT3-5c:cf:7f:00:72:6e,SW: 1.0a,SE:     5,IS:,Z0:    0
Nov 04 11:45:36, NI:RIOT2-5c:cf:7f:c6:d2:f0,SW: 1.1a,SE:     7,SD:,TE: 27.0,HU: 34.5,PR:102.6,AN:  65,AL:0,D1:0
Nov 04 11:46:10, NI:RIOT3-5c:cf:7f:00:72:6e,SW: 1.0a,SE:     6,IS:,Z0:    0
Nov 04 11:46:10, NI:RIOT2-5c:cf:7f:c6:d2:f0,SW: 1.1a,SE:     8,SD:,TE: 27.1,HU: 34.3,PR:102.6,AN:  32,AL:0,D1:0
Nov 04 11:46:37, NI:RIOT3-5c:cf:7f:00:72:6e,SW: 1.0a,SE:     7,IS:,Z1:    2
Nov 04 11:46:38, NI:RIOT3-5c:cf:7f:00:72:6e,SW: 1.0a,SE:     8,IS:,Z2:    2
Nov 04 11:46:40, NI:RIOT3-5c:cf:7f:00:72:6e,SW: 1.0a,SE:     9,IS:,Z3:    2
Nov 04 11:46:42, NI:RIOT3-5c:cf:7f:00:72:6e,SW: 1.0a,SE:    10,IS:,Z4:    2
Nov 04 11:46:44, NI:RIOT3-5c:cf:7f:00:72:6e,SW: 1.0a,SE:    11,IS:,Z5:    2
Nov 04 11:46:46, NI:RIOT3-5c:cf:7f:00:72:6e,SW: 1.0a,SE:    12,IS:,Z6:    2
Nov 04 11:46:48, NI:RIOT3-5c:cf:7f:00:72:6e,SW: 1.0a,SE:    13,IS:,Z7:    2
Nov 04 11:46:50, NI:RIOT3-5c:cf:7f:00:72:6e,SW: 1.0a,SE:    14,IS:,Z8:    2
Nov 04 11:46:52, NI:RIOT3-5c:cf:7f:00:72:6e,SW: 1.0a,SE:    15,IS:,Z0:    0
Nov 04 11:47:10, NI:RIOT2-5c:cf:7f:c6:d2:f0,SW: 1.1a,SE:     9,SD:,TE: 27.2,HU: 34.0,PR:102.6,AN:  52,AL:0,D1:0
Nov 04 11:47:52, NI:RIOT3-5c:cf:7f:00:72:6e,SW: 1.0a,SE:    16,IS:,Z0:    0
Nov 04 11:48:10, NI:RIOT2-5c:cf:7f:c6:d2:f0,SW: 1.1a,SE:    10,SD:,TE: 27.2,HU: 34.1,PR:102.6,AN:  32,AL:0,D1:0
Nov 04 11:48:52, NI:RIOT3-5c:cf:7f:00:72:6e,SW: 1.0a,SE:    17,IS:,Z0:    0
Nov 04 11:49:10, NI:RIOT2-5c:cf:7f:c6:d2:f0,SW: 1.1a,SE:    11,SD:,TE: 27.1,HU: 34.2,PR:102.6,AN:  25,AL:0,D1:0
Nov 04 11:49:52, NI:RIOT3-5c:cf:7f:00:72:6e,SW: 1.0a,SE:    18,IS:,Z0:    0
Nov 04 11:50:10, NI:RIOT2-5c:cf:7f:c6:d2:f0,SW: 1.1a,SE:    12,SD:,TE: 27.1,HU: 34.2,PR:102.6,AN:  37,AL:0,D1:0
Nov 04 11:50:53, NI:RIOT3-5c:cf:7f:00:72:6e,SW: 1.0a,SE:    19,IS:,Z0:    0
Nov 04 11:51:10, NI:RIOT2-5c:cf:7f:c6:d2:f0,SW: 1.1a,SE:    13,SD:,TE: 27.0,HU: 34.3,PR:102.6,AN:  51,AL:0,D1:0
Nov 04 11:51:53, NI:RIOT3-5c:cf:7f:00:72:6e,SW: 1.0a,SE:    20,IS:,Z0:    0
Nov 04 11:52:10, NI:RIOT2-5c:cf:7f:c6:d2:f0,SW: 1.1a,SE:    14,SD:,TE: 27.0,HU: 34.3,PR:102.6,AN:  31,AL:0,D1:0
Nov 04 11:52:53, NI:RIOT3-5c:cf:7f:00:72:6e,SW: 1.0a,SE:    21,IS:,Z0:    0
Nov 04 11:53:10, NI:RIOT2-5c:cf:7f:c6:d2:f0,SW: 1.1a,SE:    15,SD:,TE: 26.9,HU: 34.6,PR:102.6,AN:  51,AL:0,D1:0
Nov 04 11:53:53, NI:RIOT3-5c:cf:7f:00:72:6e,SW: 1.0a,SE:    22,IS:,Z0:    0
Nov 04 11:54:10, NI:RIOT2-5c:cf:7f:c6:d2:f0,SW: 1.1a,SE:    16,SD:,TE: 26.9,HU: 34.5,PR:102.6,AN:  39,AL:0,D1:0
Nov 04 11:54:53, NI:RIOT3-5c:cf:7f:00:72:6e,SW: 1.0a,SE:    23,IS:,Z0:    0
Nov 04 11:55:10, NI:RIOT2-5c:cf:7f:c6:d2:f0,SW: 1.1a,SE:    17,SD:,TE: 26.7,HU: 34.8,PR:102.6,AN:  35,AL:0,D1:0
Nov 04 11:55:53, NI:RIOT3-5c:cf:7f:00:72:6e,SW: 1.0a,SE:    24,IS:,Z0:    0
Nov 04 11:56:10, NI:RIOT2-5c:cf:7f:c6:d2:f0,SW: 1.1a,SE:    18,SD:,TE: 26.6,HU: 35.0,PR:102.6,AN:  46,AL:0,D1:0
Nov 04 11:56:53, NI:RIOT3-5c:cf:7f:00:72:6e,SW: 1.0a,SE:    25,IS:,Z0:    0
Nov 04 11:57:10, NI:RIOT2-5c:cf:7f:c6:d2:f0,SW: 1.1a,SE:    19,SD:,TE: 26.5,HU: 35.1,PR:102.6,AN:  52,AL:0,D1:0
Nov 04 11:57:53, NI:RIOT3-5c:cf:7f:00:72:6e,SW: 1.0a,SE:    26,IS:,Z0:    0
Nov 04 11:58:10, NI:RIOT2-5c:cf:7f:c6:d2:f0,SW: 1.1a,SE:    20,SD:,TE: 26.4,HU: 35.3,PR:102.6,AN:  36,AL:0,D1:0
Nov 04 11:58:53, NI:RIOT3-5c:cf:7f:00:72:6e,SW: 1.0a,SE:    27,IS:,Z0:    0
Nov 04 11:59:10, NI:RIOT2-5c:cf:7f:c6:d2:f0,SW: 1.1a,SE:    21,SD:,TE: 26.4,HU: 35.4,PR:102.6,AN:  40,AL:0,D1:0
Nov 04 11:59:53, NI:RIOT3-5c:cf:7f:00:72:6e,SW: 1.0a,SE:    28,IS:,Z0:    0
Nov 04 12:00:10, NI:RIOT2-5c:cf:7f:c6:d2:f0,SW: 1.1a,SE:    22,SD:,TE: 26.4,HU: 35.4,PR:102.6,AN:  35,AL:0,D1:0
Nov 04 12:00:53, NI:RIOT3-5c:cf:7f:00:72:6e,SW: 1.0a,SE:    29,IS:,Z0:    0
Nov 04 12:01:10, NI:RIOT2-5c:cf:7f:c6:d2:f0,SW: 1.1a,SE:    23,SD:,TE: 26.5,HU: 35.3,PR:102.7,AN:  61,AL:0,D1:0
Nov 04 12:01:53, NI:RIOT3-5c:cf:7f:00:72:6e,SW: 1.0a,SE:    30,IS:,Z0:    0
Nov 04 12:02:10, NI:RIOT2-5c:cf:7f:c6:d2:f0,SW: 1.1a,SE:    24,SD:,TE: 26.4,HU: 35.3,PR:102.7,AN:  31,AL:0,D1:0
Nov 04 12:02:53, NI:RIOT3-5c:cf:7f:00:72:6e,SW: 1.0a,SE:    31,IS:,Z0:    0
Nov 04 12:03:10, NI:RIOT2-5c:cf:7f:c6:d2:f0,SW: 1.1a,SE:    25,SD:,TE: 26.4,HU: 35.4,PR:102.6,AN:  35,AL:0,D1:0
Nov 04 12:03:53, NI:RIOT3-5c:cf:7f:00:72:6e,SW: 1.0a,SE:    32,IS:,Z0:    0
Nov 04 12:04:10, NI:RIOT2-5c:cf:7f:c6:d2:f0,SW: 1.1a,SE:    26,SD:,TE: 26.3,HU: 35.5,PR:102.6,AN:  34,AL:0,D1:0
Nov 04 12:04:53, NI:RIOT3-5c:cf:7f:00:72:6e,SW: 1.0a,SE:    33,IS:,Z0:    0
Nov 04 12:05:10, NI:RIOT2-5c:cf:7f:c6:d2:f0,SW: 1.1a,SE:    27,SD:,TE: 26.2,HU: 35.6,PR:102.6,AN:  54,AL:0,D1:0
Nov 04 12:05:53, NI:RIOT3-5c:cf:7f:00:72:6e,SW: 1.0a,SE:    34,IS:,Z0:    0
Nov 04 12:06:10, NI:RIOT2-5c:cf:7f:c6:d2:f0,SW: 1.1a,SE:    28,SD:,TE: 26.2,HU: 35.7,PR:102.7,AN:  60,AL:0,D1:0
Nov 04 12:06:53, NI:RIOT3-5c:cf:7f:00:72:6e,SW: 1.0a,SE:    35,IS:,Z0:    0
Nov 04 12:07:10, NI:RIOT2-5c:cf:7f:c6:d2:f0,SW: 1.1a,SE:    29,SD:,TE: 26.3,HU: 35.7,PR:102.6,AN:  21,AL:0,D1:0
Nov 04 12:07:53, NI:RIOT3-5c:cf:7f:00:72:6e,SW: 1.0a,SE:    36,IS:,Z0:    0
Nov 04 12:08:10, NI:RIOT2-5c:cf:7f:c6:d2:f0,SW: 1.1a,SE:    30,SD:,TE: 26.4,HU: 35.4,PR:102.7,AN:  50,AL:0,D1:0
Nov 04 12:08:53, NI:RIOT3-5c:cf:7f:00:72:6e,SW: 1.0a,SE:    37,IS:,Z0:    0
Nov 04 12:09:10, NI:RIOT2-5c:cf:7f:c6:d2:f0,SW: 1.1a,SE:    31,SD:,TE: 26.4,HU: 35.3,PR:102.7,AN:  42,AL:0,D1:0
Nov 04 12:09:53, NI:RIOT3-5c:cf:7f:00:72:6e,SW: 1.0a,SE:    38,IS:,Z0:    0
Nov 04 12:10:10, NI:RIOT2-5c:cf:7f:c6:d2:f0,SW: 1.1a,SE:    32,SD:,TE: 26.5,HU: 35.1,PR:102.7,AN:  50,AL:0,D1:0
Nov 04 12:10:53, NI:RIOT3-5c:cf:7f:00:72:6e,SW: 1.0a,SE:    39,IS:,Z0:    0
Nov 04 12:11:10, NI:RIOT2-5c:cf:7f:c6:d2:f0,SW: 1.1a,SE:    33,SD:,TE: 26.6,HU: 34.9,PR:102.7,AN:  57,AL:0,D1:0
Nov 04 12:11:53, NI:RIOT3-5c:cf:7f:00:72:6e,SW: 1.0a,SE:    40,IS:,Z0:    0
Nov 04 12:12:10, NI:RIOT2-5c:cf:7f:c6:d2:f0,SW: 1.1a,SE:    34,SD:,TE: 26.7,HU: 34.7,PR:102.7,AN:  29,AL:0,D1:0
Nov 04 12:12:53, NI:RIOT3-5c:cf:7f:00:72:6e,SW: 1.0a,SE:    41,IS:,Z0:    0
Nov 04 12:13:10, NI:RIOT2-5c:cf:7f:c6:d2:f0,SW: 1.1a,SE:    35,SD:,TE: 26.7,HU: 34.7,PR:102.7,AN:  32,AL:0,D1:0
Nov 04 12:13:53, NI:RIOT3-5c:cf:7f:00:72:6e,SW: 1.0a,SE:    42,IS:,Z0:    0
Nov 04 12:14:10, NI:RIOT2-5c:cf:7f:c6:d2:f0,SW: 1.1a,SE:    36,SD:,TE: 26.6,HU: 34.9,PR:102.7,AN:  62,AL:0,D1:0
Nov 04 12:14:53, NI:RIOT3-5c:cf:7f:00:72:6e,SW: 1.0a,SE:    43,IS:,Z0:    0
Nov 04 12:15:10, NI:RIOT2-5c:cf:7f:c6:d2:f0,SW: 1.1a,SE:    37,SD:,TE: 26.7,HU: 34.7,PR:102.6,AN:  55,AL:0,D1:0
Nov 04 12:15:53, NI:RIOT3-5c:cf:7f:00:72:6e,SW: 1.0a,SE:    44,IS:,Z0:    0
Nov 04 12:16:10, NI:RIOT2-5c:cf:7f:c6:d2:f0,SW: 1.1a,SE:    38,SD:,TE: 26.8,HU: 34.6,PR:102.6,AN:  33,AL:0,D1:0
Nov 04 12:16:53, NI:RIOT3-5c:cf:7f:00:72:6e,SW: 1.0a,SE:    45,IS:,Z0:    0
Nov 04 12:17:10, NI:RIOT2-5c:cf:7f:c6:d2:f0,SW: 1.1a,SE:    39,SD:,TE: 26.7,HU: 34.8,PR:102.6,AN:  50,AL:0,D1:0
Nov 04 12:17:53, NI:RIOT3-5c:cf:7f:00:72:6e,SW: 1.0a,SE:    46,IS:,Z0:    0
Nov 04 12:18:10, NI:RIOT2-5c:cf:7f:c6:d2:f0,SW: 1.1a,SE:    40,SD:,TE: 26.6,HU: 34.9,PR:102.6,AN:  61,AL:0,D1:0
Nov 04 12:18:53, NI:RIOT3-5c:cf:7f:00:72:6e,SW: 1.0a,SE:    47,IS:,Z0:    0
Nov 04 12:19:10, NI:RIOT2-5c:cf:7f:c6:d2:f0,SW: 1.1a,SE:    41,SD:,TE: 26.6,HU: 34.9,PR:102.6,AN:  56,AL:0,D1:0
Nov 04 12:19:53, NI:RIOT3-5c:cf:7f:00:72:6e,SW: 1.0a,SE:    48,IS:,Z0:    0
Nov 04 12:20:10, NI:RIOT2-5c:cf:7f:c6:d2:f0,SW: 1.1a,SE:    42,SD:,TE: 26.5,HU: 35.0,PR:102.6,AN:  31,AL:0,D1:0
Nov 04 12:20:53, NI:RIOT3-5c:cf:7f:00:72:6e,SW: 1.0a,SE:    49,IS:,Z0:    0
Nov 04 12:21:10, NI:RIOT2-5c:cf:7f:c6:d2:f0,SW: 1.1a,SE:    43,SD:,TE: 26.6,HU: 35.0,PR:102.6,AN:  37,AL:0,D1:0
Nov 04 12:21:53, NI:RIOT3-5c:cf:7f:00:72:6e,SW: 1.0a,SE:    50,IS:,Z0:    0
Nov 04 12:22:10, NI:RIOT2-5c:cf:7f:c6:d2:f0,SW: 1.1a,SE:    44,SD:,TE: 26.5,HU: 35.1,PR:102.6,AN:  44,AL:0,D1:0
Nov 04 12:22:53, NI:RIOT3-5c:cf:7f:00:72:6e,SW: 1.0a,SE:    51,IS:,Z0:    0
Nov 04 12:23:10, NI:RIOT2-5c:cf:7f:c6:d2:f0,SW: 1.1a,SE:    45,SD:,TE: 26.4,HU: 35.1,PR:102.6,AN:  32,AL:0,D1:0
Nov 04 12:23:53, NI:RIOT3-5c:cf:7f:00:72:6e,SW: 1.0a,SE:    52,IS:,Z0:    0
Nov 04 12:24:10, NI:RIOT2-5c:cf:7f:c6:d2:f0,SW: 1.1a,SE:    46,SD:,TE: 26.4,HU: 35.3,PR:102.6,AN:  45,AL:0,D1:0
Nov 04 12:24:53, NI:RIOT3-5c:cf:7f:00:72:6e,SW: 1.0a,SE:    53,IS:,Z0:    0
Nov 04 12:25:10, NI:RIOT2-5c:cf:7f:c6:d2:f0,SW: 1.1a,SE:    47,SD:,TE: 26.4,HU: 35.2,PR:102.6,AN:  38,AL:0,D1:0
Nov 04 12:25:53, NI:RIOT3-5c:cf:7f:00:72:6e,SW: 1.0a,SE:    54,IS:,Z0:    0
Nov 04 12:26:10, NI:RIOT2-5c:cf:7f:c6:d2:f0,SW: 1.1a,SE:    48,SD:,TE: 26.3,HU: 35.3,PR:102.6,AN:  57,AL:0,D1:0
Nov 04 12:26:53, NI:RIOT3-5c:cf:7f:00:72:6e,SW: 1.0a,SE:    55,IS:,Z0:    0
Nov 04 12:27:10, NI:RIOT2-5c:cf:7f:c6:d2:f0,SW: 1.1a,SE:    49,SD:,TE: 26.4,HU: 35.3,PR:102.6,AN:  47,AL:0,D1:0
Nov 04 12:27:53, NI:RIOT3-5c:cf:7f:00:72:6e,SW: 1.0a,SE:    56,IS:,Z0:    0
Nov 04 12:28:10, NI:RIOT2-5c:cf:7f:c6:d2:f0,SW: 1.1a,SE:    50,SD:,TE: 26.4,HU: 35.3,PR:102.6,AN:  40,AL:0,D1:0
Nov 04 12:28:53, NI:RIOT3-5c:cf:7f:00:72:6e,SW: 1.0a,SE:    57,IS:,Z0:    0
Nov 04 12:29:10, NI:RIOT2-5c:cf:7f:c6:d2:f0,SW: 1.1a,SE:    51,SD:,TE: 26.4,HU: 35.3,PR:102.6,AN:  48,AL:0,D1:0
Nov 04 12:29:53, NI:RIOT3-5c:cf:7f:00:72:6e,SW: 1.0a,SE:    58,IS:,Z0:    0
Nov 04 12:30:10, NI:RIOT2-5c:cf:7f:c6:d2:f0,SW: 1.1a,SE:    52,SD:,TE: 26.4,HU: 35.3,PR:102.6,AN:  29,AL:0,D1:0
Nov 04 12:30:53, NI:RIOT3-5c:cf:7f:00:72:6e,SW: 1.0a,SE:    59,IS:,Z0:    0
Nov 04 12:31:10, NI:RIOT2-5c:cf:7f:c6:d2:f0,SW: 1.1a,SE:    53,SD:,TE: 26.4,HU: 35.3,PR:102.6,AN:  36,AL:0,D1:0
Nov 04 12:31:53, NI:RIOT3-5c:cf:7f:00:72:6e,SW: 1.0a,SE:    60,IS:,Z0:    0
Nov 04 12:32:10, NI:RIOT2-5c:cf:7f:c6:d2:f0,SW: 1.1a,SE:    54,SD:,TE: 26.4,HU: 35.2,PR:102.6,AN:  44,AL:0,D1:0
Nov 04 12:32:53, NI:RIOT3-5c:cf:7f:00:72:6e,SW: 1.0a,SE:    61,IS:,Z0:    0
Nov 04 12:33:10, NI:RIOT2-5c:cf:7f:c6:d2:f0,SW: 1.1a,SE:    55,SD:,TE: 26.4,HU: 35.2,PR:102.6,AN:  33,AL:0,D1:0
Nov 04 12:33:53, NI:RIOT3-5c:cf:7f:00:72:6e,SW: 1.0a,SE:    62,IS:,Z0:    0
Nov 04 12:34:10, NI:RIOT2-5c:cf:7f:c6:d2:f0,SW: 1.1a,SE:    56,SD:,TE: 26.4,HU: 35.2,PR:102.6,AN:  45,AL:0,D1:0
Nov 04 12:34:53, NI:RIOT3-5c:cf:7f:00:72:6e,SW: 1.0a,SE:    63,IS:,Z0:    0
Nov 04 12:35:10, NI:RIOT2-5c:cf:7f:c6:d2:f0,SW: 1.1a,SE:    57,SD:,TE: 26.4,HU: 35.3,PR:102.6,AN:  31,AL:0,D1:0
Nov 04 12:35:53, NI:RIOT3-5c:cf:7f:00:72:6e,SW: 1.0a,SE:    64,IS:,Z0:    0
Nov 04 12:36:10, NI:RIOT2-5c:cf:7f:c6:d2:f0,SW: 1.1a,SE:    58,SD:,TE: 26.4,HU: 35.2,PR:102.6,AN:  26,AL:0,D1:0
Nov 04 12:36:53, NI:RIOT3-5c:cf:7f:00:72:6e,SW: 1.0a,SE:    65,IS:,Z0:    0
Nov 04 12:37:10, NI:RIOT2-5c:cf:7f:c6:d2:f0,SW: 1.1a,SE:    59,SD:,TE: 26.4,HU: 35.2,PR:102.6,AN:  63,AL:0,D1:0
Nov 04 12:37:53, NI:RIOT3-5c:cf:7f:00:72:6e,SW: 1.0a,SE:    66,IS:,Z0:    0
Nov 04 12:38:10, NI:RIOT2-5c:cf:7f:c6:d2:f0,SW: 1.1a,SE:    60,SD:,TE: 26.4,HU: 35.2,PR:102.6,AN:  63,AL:0,D1:0
Nov 04 12:38:53, NI:RIOT3-5c:cf:7f:00:72:6e,SW: 1.0a,SE:    67,IS:,Z0:    0
Nov 04 12:39:10, NI:RIOT2-5c:cf:7f:c6:d2:f0,SW: 1.1a,SE:    61,SD:,TE: 26.4,HU: 35.1,PR:102.6,AN:  41,AL:0,D1:0
Nov 04 12:39:53, NI:RIOT3-5c:cf:7f:00:72:6e,SW: 1.0a,SE:    68,IS:,Z0:    0
Nov 04 12:40:10, NI:RIOT2-5c:cf:7f:c6:d2:f0,SW: 1.1a,SE:    62,SD:,TE: 26.4,HU: 35.1,PR:102.6,AN:  34,AL:0,D1:0
Nov 04 12:40:53, NI:RIOT3-5c:cf:7f:00:72:6e,SW: 1.0a,SE:    69,IS:,Z0:    0
Nov 04 12:41:10, NI:RIOT2-5c:cf:7f:c6:d2:f0,SW: 1.1a,SE:    63,SD:,TE: 26.5,HU: 35.1,PR:102.6,AN:  61,AL:0,D1:0
Nov 04 12:41:53, NI:RIOT3-5c:cf:7f:00:72:6e,SW: 1.0a,SE:    70,IS:,Z0:    0
Nov 04 12:42:10, NI:RIOT2-5c:cf:7f:c6:d2:f0,SW: 1.1a,SE:    64,SD:,TE: 26.4,HU: 35.1,PR:102.6,AN:  29,AL:0,D1:0
Nov 04 12:42:53, NI:RIOT3-5c:cf:7f:00:72:6e,SW: 1.0a,SE:    71,IS:,Z0:    0
Nov 04 12:43:10, NI:RIOT2-5c:cf:7f:c6:d2:f0,SW: 1.1a,SE:    65,SD:,TE: 26.4,HU: 35.1,PR:102.6,AN:  46,AL:0,D1:0
Nov 04 12:43:53, NI:RIOT3-5c:cf:7f:00:72:6e,SW: 1.0a,SE:    72,IS:,Z0:    0
Nov 04 12:44:10, NI:RIOT2-5c:cf:7f:c6:d2:f0,SW: 1.1a,SE:    66,SD:,TE: 26.4,HU: 35.2,PR:102.6,AN:  63,AL:0,D1:0
Nov 04 12:44:53, NI:RIOT3-5c:cf:7f:00:72:6e,SW: 1.0a,SE:    73,IS:,Z0:    0
Nov 04 12:45:10, NI:RIOT2-5c:cf:7f:c6:d2:f0,SW: 1.1a,SE:    67,SD:,TE: 26.3,HU: 35.2,PR:102.6,AN:  40,AL:0,D1:0
Nov 04 12:45:53, NI:RIOT3-5c:cf:7f:00:72:6e,SW: 1.0a,SE:    74,IS:,Z0:    0
Nov 04 12:46:10, NI:RIOT2-5c:cf:7f:c6:d2:f0,SW: 1.1a,SE:    68,SD:,TE: 26.3,HU: 35.3,PR:102.6,AN:  54,AL:0,D1:0
Nov 04 12:46:53, NI:RIOT3-5c:cf:7f:00:72:6e,SW: 1.0a,SE:    75,IS:,Z0:    0
Nov 04 12:47:10, NI:RIOT2-5c:cf:7f:c6:d2:f0,SW: 1.1a,SE:    69,SD:,TE: 26.3,HU: 35.3,PR:102.6,AN:  33,AL:0,D1:0
Nov 04 12:47:53, NI:RIOT3-5c:cf:7f:00:72:6e,SW: 1.0a,SE:    76,IS:,Z0:    0
Nov 04 12:48:10, NI:RIOT2-5c:cf:7f:c6:d2:f0,SW: 1.1a,SE:    70,SD:,TE: 26.2,HU: 35.4,PR:102.6,AN:  30,AL:0,D1:0
Nov 04 12:48:53, NI:RIOT3-5c:cf:7f:00:72:6e,SW: 1.0a,SE:    77,IS:,Z0:    0
Nov 04 12:49:10, NI:RIOT2-5c:cf:7f:c6:d2:f0,SW: 1.1a,SE:    71,SD:,TE: 26.2,HU: 35.5,PR:102.6,AN:  31,AL:0,D1:0
Nov 04 12:49:53, NI:RIOT3-5c:cf:7f:00:72:6e,SW: 1.0a,SE:    78,IS:,Z0:    0
Nov 04 12:50:10, NI:RIOT2-5c:cf:7f:c6:d2:f0,SW: 1.1a,SE:    72,SD:,TE: 26.1,HU: 35.6,PR:102.6,AN:  46,AL:0,D1:0
Nov 04 12:50:53, NI:RIOT3-5c:cf:7f:00:72:6e,SW: 1.0a,SE:    79,IS:,Z0:    0
Nov 04 12:51:10, NI:RIOT2-5c:cf:7f:c6:d2:f0,SW: 1.1a,SE:    73,SD:,TE: 26.1,HU: 35.9,PR:102.6,AN:  76,AL:0,D1:0
Nov 04 12:51:53, NI:RIOT3-5c:cf:7f:00:72:6e,SW: 1.0a,SE:    80,IS:,Z0:    0
Nov 04 12:52:10, NI:RIOT2-5c:cf:7f:c6:d2:f0,SW: 1.1a,SE:    74,SD:,TE: 26.2,HU: 35.6,PR:102.6,AN:  46,AL:0,D1:0
Nov 04 12:52:53, NI:RIOT3-5c:cf:7f:00:72:6e,SW: 1.0a,SE:    81,IS:,Z0:    0
Nov 04 12:53:10, NI:RIOT2-5c:cf:7f:c6:d2:f0,SW: 1.1a,SE:    75,SD:,TE: 26.3,HU: 38.4,PR:102.6,AN:  39,AL:0,D1:0
Nov 04 12:53:53, NI:RIOT3-5c:cf:7f:00:72:6e,SW: 1.0a,SE:    82,IS:,Z0:    0
Nov 04 12:54:10, NI:RIOT2-5c:cf:7f:c6:d2:f0,SW: 1.1a,SE:    76,SD:,TE: 26.2,HU: 35.8,PR:102.5,AN:  29,AL:0,D1:0
Nov 04 12:54:53, NI:RIOT3-5c:cf:7f:00:72:6e,SW: 1.0a,SE:    83,IS:,Z0:    0
Nov 04 12:55:10, NI:RIOT2-5c:cf:7f:c6:d2:f0,SW: 1.1a,SE:    77,SD:,TE: 26.3,HU: 35.7,PR:102.6,AN:  58,AL:0,D1:0
Nov 04 12:55:53, NI:RIOT3-5c:cf:7f:00:72:6e,SW: 1.0a,SE:    84,IS:,Z0:    0
Nov 04 12:56:10, NI:RIOT2-5c:cf:7f:c6:d2:f0,SW: 1.1a,SE:    78,SD:,TE: 26.3,HU: 35.7,PR:102.6,AN:  32,AL:0,D1:0
Nov 04 12:56:53, NI:RIOT3-5c:cf:7f:00:72:6e,SW: 1.0a,SE:    85,IS:,Z0:    0
Nov 04 12:57:10, NI:RIOT2-5c:cf:7f:c6:d2:f0,SW: 1.1a,SE:    79,SD:,TE: 26.2,HU: 35.6,PR:102.6,AN:  48,AL:0,D1:0
Nov 04 12:57:53, NI:RIOT3-5c:cf:7f:00:72:6e,SW: 1.0a,SE:    86,IS:,Z0:    0
Nov 04 12:58:10, NI:RIOT2-5c:cf:7f:c6:d2:f0,SW: 1.1a,SE:    80,SD:,TE: 26.2,HU: 35.5,PR:102.5,AN:  58,AL:0,D1:0
Nov 04 12:58:53, NI:RIOT3-5c:cf:7f:00:72:6e,SW: 1.0a,SE:    87,IS:,Z0:    0
Nov 04 12:59:10, NI:RIOT2-5c:cf:7f:c6:d2:f0,SW: 1.1a,SE:    81,SD:,TE: 26.3,HU: 35.5,PR:102.5,AN:  41,AL:0,D1:0
Nov 04 12:59:53, NI:RIOT3-5c:cf:7f:00:72:6e,SW: 1.0a,SE:    88,IS:,Z0:    0
Nov 04 13:00:10, NI:RIOT2-5c:cf:7f:c6:d2:f0,SW: 1.1a,SE:    82,SD:,TE: 26.3,HU: 35.5,PR:102.5,AN:  57,AL:0,D1:0
Nov 04 13:00:53, NI:RIOT3-5c:cf:7f:00:72:6e,SW: 1.0a,SE:    89,IS:,Z0:    0
Nov 04 13:01:10, NI:RIOT2-5c:cf:7f:c6:d2:f0,SW: 1.1a,SE:    83,SD:,TE: 26.3,HU: 35.5,PR:102.5,AN:  38,AL:0,D1:0
Nov 04 13:01:53, NI:RIOT3-5c:cf:7f:00:72:6e,SW: 1.0a,SE:    90,IS:,Z0:    0
Nov 04 13:02:10, NI:RIOT2-5c:cf:7f:c6:d2:f0,SW: 1.1a,SE:    84,SD:,TE: 26.2,HU: 35.6,PR:102.5,AN:  48,AL:0,D1:0
Nov 04 13:02:53, NI:RIOT3-5c:cf:7f:00:72:6e,SW: 1.0a,SE:    91,IS:,Z0:    0
Nov 04 13:03:10, NI:RIOT2-5c:cf:7f:c6:d2:f0,SW: 1.1a,SE:    85,SD:,TE: 26.3,HU: 35.5,PR:102.5,AN:  59,AL:0,D1:0
Nov 04 13:03:53, NI:RIOT3-5c:cf:7f:00:72:6e,SW: 1.0a,SE:    92,IS:,Z0:    0
Nov 04 13:04:10, NI:RIOT2-5c:cf:7f:c6:d2:f0,SW: 1.1a,SE:    86,SD:,TE: 26.3,HU: 35.4,PR:102.5,AN:  48,AL:0,D1:0
Nov 04 13:04:53, NI:RIOT3-5c:cf:7f:00:72:6e,SW: 1.0a,SE:    93,IS:,Z0:    0
Nov 04 13:05:10, NI:RIOT2-5c:cf:7f:c6:d2:f0,SW: 1.1a,SE:    87,SD:,TE: 26.2,HU: 35.4,PR:102.5,AN:  47,AL:0,D1:0
Nov 04 13:05:53, NI:RIOT3-5c:cf:7f:00:72:6e,SW: 1.0a,SE:    94,IS:,Z0:    0
Nov 04 13:06:10, NI:RIOT2-5c:cf:7f:c6:d2:f0,SW: 1.1a,SE:    88,SD:,TE: 26.3,HU: 35.3,PR:102.5,AN:  61,AL:0,D1:0
Nov 04 13:06:53, NI:RIOT3-5c:cf:7f:00:72:6e,SW: 1.0a,SE:    95,IS:,Z0:    0
Nov 04 13:07:10, NI:RIOT2-5c:cf:7f:c6:d2:f0,SW: 1.1a,SE:    89,SD:,TE: 26.3,HU: 35.4,PR:102.5,AN:  59,AL:0,D1:0
Nov 04 13:07:53, NI:RIOT3-5c:cf:7f:00:72:6e,SW: 1.0a,SE:    96,IS:,Z0:    0
Nov 04 13:08:10, NI:RIOT2-5c:cf:7f:c6:d2:f0,SW: 1.1a,SE:    90,SD:,TE: 26.2,HU: 35.3,PR:102.5,AN:  60,AL:0,D1:0
Nov 04 13:08:53, NI:RIOT3-5c:cf:7f:00:72:6e,SW: 1.0a,SE:    97,IS:,Z0:    0
Nov 04 13:09:10, NI:RIOT2-5c:cf:7f:c6:d2:f0,SW: 1.1a,SE:    91,SD:,TE: 26.2,HU: 35.4,PR:102.5,AN:  36,AL:0,D1:0
Nov 04 13:09:53, NI:RIOT3-5c:cf:7f:00:72:6e,SW: 1.0a,SE:    98,IS:,Z0:    0
Nov 04 13:10:10, NI:RIOT2-5c:cf:7f:c6:d2:f0,SW: 1.1a,SE:    92,SD:,TE: 26.2,HU: 35.4,PR:102.5,AN:  32,AL:0,D1:0
Nov 04 13:10:53, NI:RIOT3-5c:cf:7f:00:72:6e,SW: 1.0a,SE:    99,IS:,Z0:    0
Nov 04 13:11:10, NI:RIOT2-5c:cf:7f:c6:d2:f0,SW: 1.1a,SE:    93,SD:,TE: 26.3,HU: 35.4,PR:102.5,AN:  40,AL:0,D1:0
Nov 04 13:11:53, NI:RIOT3-5c:cf:7f:00:72:6e,SW: 1.0a,SE:   100,IS:,Z0:    0
Nov 04 13:12:10, NI:RIOT2-5c:cf:7f:c6:d2:f0,SW: 1.1a,SE:    94,SD:,TE: 26.4,HU: 35.5,PR:102.5,AN:  51,AL:0,D1:0
Nov 04 13:12:53, NI:RIOT3-5c:cf:7f:00:72:6e,SW: 1.0a,SE:   101,IS:,Z0:    0
Nov 04 13:13:10, NI:RIOT2-5c:cf:7f:c6:d2:f0,SW: 1.1a,SE:    95,SD:,TE: 26.4,HU: 35.4,PR:102.5,AN:  43,AL:0,D1:0
Nov 04 13:13:53, NI:RIOT3-5c:cf:7f:00:72:6e,SW: 1.0a,SE:   102,IS:,Z0:    0
Nov 04 13:14:10, NI:RIOT2-5c:cf:7f:c6:d2:f0,SW: 1.1a,SE:    96,SD:,TE: 26.4,HU: 35.1,PR:102.5,AN:  28,AL:0,D1:0
Nov 04 13:14:53, NI:RIOT3-5c:cf:7f:00:72:6e,SW: 1.0a,SE:   103,IS:,Z0:    0
Nov 04 13:15:10, NI:RIOT2-5c:cf:7f:c6:d2:f0,SW: 1.1a,SE:    97,SD:,TE: 26.4,HU: 35.2,PR:102.5,AN:  90,AL:0,D1:0
Nov 04 13:15:53, NI:RIOT3-5c:cf:7f:00:72:6e,SW: 1.0a,SE:   104,IS:,Z0:    0
Nov 04 13:16:10, NI:RIOT2-5c:cf:7f:c6:d2:f0,SW: 1.1a,SE:    98,SD:,TE: 26.3,HU: 35.2,PR:102.5,AN:  23,AL:0,D1:0
Nov 04 13:16:53, NI:RIOT3-5c:cf:7f:00:72:6e,SW: 1.0a,SE:   105,IS:,Z0:    0
Nov 04 13:17:10, NI:RIOT2-5c:cf:7f:c6:d2:f0,SW: 1.1a,SE:    99,SD:,TE: 26.4,HU: 34.9,PR:102.5,AN:  51,AL:0,D1:0
Nov 04 13:17:53, NI:RIOT3-5c:cf:7f:00:72:6e,SW: 1.0a,SE:   106,IS:,Z0:    0
Nov 04 13:18:10, NI:RIOT2-5c:cf:7f:c6:d2:f0,SW: 1.1a,SE:   100,SD:,TE: 26.3,HU: 35.0,PR:102.5,AN:  28,AL:0,D1:0
Nov 04 13:18:53, NI:RIOT3-5c:cf:7f:00:72:6e,SW: 1.0a,SE:   107,IS:,Z0:    0
Nov 04 13:19:10, NI:RIOT2-5c:cf:7f:c6:d2:f0,SW: 1.1a,SE:   101,SD:,TE: 26.3,HU: 35.0,PR:102.5,AN:  49,AL:0,D1:0
Nov 04 13:19:53, NI:RIOT3-5c:cf:7f:00:72:6e,SW: 1.0a,SE:   108,IS:,Z0:    0
Nov 04 13:20:10, NI:RIOT2-5c:cf:7f:c6:d2:f0,SW: 1.1a,SE:   102,SD:,TE: 26.4,HU: 35.2,PR:102.5,AN:  25,AL:0,D1:0
Nov 04 13:20:53, NI:RIOT3-5c:cf:7f:00:72:6e,SW: 1.0a,SE:   109,IS:,Z0:    0
Nov 04 13:21:10, NI:RIOT2-5c:cf:7f:c6:d2:f0,SW: 1.1a,SE:   103,SD:,TE: 26.4,HU: 35.0,PR:102.5,AN:  58,AL:0,D1:0
Nov 04 13:21:53, NI:RIOT3-5c:cf:7f:00:72:6e,SW: 1.0a,SE:   110,IS:,Z0:    0
Nov 04 13:22:10, NI:RIOT2-5c:cf:7f:c6:d2:f0,SW: 1.1a,SE:   104,SD:,TE: 26.3,HU: 35.0,PR:102.5,AN:  65,AL:0,D1:0
Nov 04 13:22:53, NI:RIOT3-5c:cf:7f:00:72:6e,SW: 1.0a,SE:   111,IS:,Z0:    0
Nov 04 13:23:10, NI:RIOT2-5c:cf:7f:c6:d2:f0,SW: 1.1a,SE:   105,SD:,TE: 26.3,HU: 35.1,PR:102.5,AN:  29,AL:0,D1:0
Nov 04 13:23:53, NI:RIOT3-5c:cf:7f:00:72:6e,SW: 1.0a,SE:   112,IS:,Z0:    0
Nov 04 13:24:10, NI:RIOT2-5c:cf:7f:c6:d2:f0,SW: 1.1a,SE:   106,SD:,TE: 26.3,HU: 35.1,PR:102.5,AN:  38,AL:0,D1:0
Nov 04 13:24:53, NI:RIOT3-5c:cf:7f:00:72:6e,SW: 1.0a,SE:   113,IS:,Z0:    0
Nov 04 13:25:10, NI:RIOT2-5c:cf:7f:c6:d2:f0,SW: 1.1a,SE:   107,SD:,TE: 26.3,HU: 35.1,PR:102.5,AN:  45,AL:0,D1:0
Nov 04 13:25:53, NI:RIOT3-5c:cf:7f:00:72:6e,SW: 1.0a,SE:   114,IS:,Z0:    0
Nov 04 13:26:10, NI:RIOT2-5c:cf:7f:c6:d2:f0,SW: 1.1a,SE:   108,SD:,TE: 26.3,HU: 35.2,PR:102.5,AN:  26,AL:0,D1:0
Nov 04 13:26:53, NI:RIOT3-5c:cf:7f:00:72:6e,SW: 1.0a,SE:   115,IS:,Z0:    0
Nov 04 13:27:10, NI:RIOT2-5c:cf:7f:c6:d2:f0,SW: 1.1a,SE:   109,SD:,TE: 26.3,HU: 35.2,PR:102.5,AN:  27,AL:0,D1:0
Nov 04 13:27:53, NI:RIOT3-5c:cf:7f:00:72:6e,SW: 1.0a,SE:   116,IS:,Z0:    0
Nov 04 13:28:10, NI:RIOT2-5c:cf:7f:c6:d2:f0,SW: 1.1a,SE:   110,SD:,TE: 26.3,HU: 35.1,PR:102.5,AN:  32,AL:0,D1:0
Nov 04 13:28:53, NI:RIOT3-5c:cf:7f:00:72:6e,SW: 1.0a,SE:   117,IS:,Z0:    0
Nov 04 13:29:10, NI:RIOT2-5c:cf:7f:c6:d2:f0,SW: 1.1a,SE:   111,SD:,TE: 26.3,HU: 35.1,PR:102.5,AN:  23,AL:0,D1:0
Nov 04 13:29:53, NI:RIOT3-5c:cf:7f:00:72:6e,SW: 1.0a,SE:   118,IS:,Z0:    0
Nov 04 13:30:10, NI:RIOT2-5c:cf:7f:c6:d2:f0,SW: 1.1a,SE:   112,SD:,TE: 26.2,HU: 35.2,PR:102.5,AN:  30,AL:0,D1:0
Nov 04 13:30:53, NI:RIOT3-5c:cf:7f:00:72:6e,SW: 1.0a,SE:   119,IS:,Z0:    0
Nov 04 13:31:10, NI:RIOT2-5c:cf:7f:c6:d2:f0,SW: 1.1a,SE:   113,SD:,TE: 26.2,HU: 35.3,PR:102.5,AN:  32,AL:0,D1:0
Nov 04 13:31:53, NI:RIOT3-5c:cf:7f:00:72:6e,SW: 1.0a,SE:   120,IS:,Z0:    0
Nov 04 13:32:10, NI:RIOT2-5c:cf:7f:c6:d2:f0,SW: 1.1a,SE:   114,SD:,TE: 26.2,HU: 35.2,PR:102.5,AN:  30,AL:0,D1:0
Nov 04 13:32:53, NI:RIOT3-5c:cf:7f:00:72:6e,SW: 1.0a,SE:   121,IS:,Z0:    0
Nov 04 13:33:10, NI:RIOT2-5c:cf:7f:c6:d2:f0,SW: 1.1a,SE:   115,SD:,TE: 26.2,HU: 35.2,PR:102.5,AN:  35,AL:0,D1:0
Nov 04 13:33:53, NI:RIOT3-5c:cf:7f:00:72:6e,SW: 1.0a,SE:   122,IS:,Z0:    0
Nov 04 13:34:10, NI:RIOT2-5c:cf:7f:c6:d2:f0,SW: 1.1a,SE:   116,SD:,TE: 26.2,HU: 35.3,PR:102.5,AN:  53,AL:0,D1:0
Nov 04 13:34:53, NI:RIOT3-5c:cf:7f:00:72:6e,SW: 1.0a,SE:   123,IS:,Z0:    0
Nov 04 13:35:10, NI:RIOT2-5c:cf:7f:c6:d2:f0,SW: 1.1a,SE:   117,SD:,TE: 26.2,HU: 35.3,PR:102.5,AN:  29,AL:0,D1:0
Nov 04 13:35:53, NI:RIOT3-5c:cf:7f:00:72:6e,SW: 1.0a,SE:   124,IS:,Z0:    0
Nov 04 13:36:10, NI:RIOT2-5c:cf:7f:c6:d2:f0,SW: 1.1a,SE:   118,SD:,TE: 26.1,HU: 35.4,PR:102.5,AN:  59,AL:0,D1:0
Nov 04 13:36:53, NI:RIOT3-5c:cf:7f:00:72:6e,SW: 1.0a,SE:   125,IS:,Z0:    0
Nov 04 13:37:10, NI:RIOT2-5c:cf:7f:c6:d2:f0,SW: 1.1a,SE:   119,SD:,TE: 26.1,HU: 35.4,PR:102.5,AN:  62,AL:0,D1:0
Nov 04 13:37:53, NI:RIOT3-5c:cf:7f:00:72:6e,SW: 1.0a,SE:   126,IS:,Z0:    0
Nov 04 13:38:10, NI:RIOT2-5c:cf:7f:c6:d2:f0,SW: 1.1a,SE:   120,SD:,TE: 26.1,HU: 35.4,PR:102.5,AN:  29,AL:0,D1:0
Nov 04 13:38:53, NI:RIOT3-5c:cf:7f:00:72:6e,SW: 1.0a,SE:   127,IS:,Z0:    0
Nov 04 13:39:10, NI:RIOT2-5c:cf:7f:c6:d2:f0,SW: 1.1a,SE:   121,SD:,TE: 26.1,HU: 35.4,PR:102.5,AN:  48,AL:0,D1:0
Nov 04 13:39:53, NI:RIOT3-5c:cf:7f:00:72:6e,SW: 1.0a,SE:   128,IS:,Z0:    0
Nov 04 13:40:10, NI:RIOT2-5c:cf:7f:c6:d2:f0,SW: 1.1a,SE:   122,SD:,TE: 26.1,HU: 35.4,PR:102.5,AN:  48,AL:0,D1:0
Nov 04 13:40:53, NI:RIOT3-5c:cf:7f:00:72:6e,SW: 1.0a,SE:   129,IS:,Z0:    0
Nov 04 13:41:10, NI:RIOT2-5c:cf:7f:c6:d2:f0,SW: 1.1a,SE:   123,SD:,TE: 26.1,HU: 35.5,PR:102.5,AN:  45,AL:0,D1:0
Nov 04 13:41:53, NI:RIOT3-5c:cf:7f:00:72:6e,SW: 1.0a,SE:   130,IS:,Z0:    0
Nov 04 13:42:10, NI:RIOT2-5c:cf:7f:c6:d2:f0,SW: 1.1a,SE:   124,SD:,TE: 26.1,HU: 35.4,PR:102.5,AN:  97,AL:0,D1:0
Nov 04 13:42:53, NI:RIOT3-5c:cf:7f:00:72:6e,SW: 1.0a,SE:   131,IS:,Z0:    0
Nov 04 13:43:10, NI:RIOT2-5c:cf:7f:c6:d2:f0,SW: 1.1a,SE:   125,SD:,TE: 26.1,HU: 35.4,PR:102.5,AN:  58,AL:0,D1:0
Nov 04 13:43:53, NI:RIOT3-5c:cf:7f:00:72:6e,SW: 1.0a,SE:   132,IS:,Z0:    0
Nov 04 13:44:10, NI:RIOT2-5c:cf:7f:c6:d2:f0,SW: 1.1a,SE:   126,SD:,TE: 26.1,HU: 35.4,PR:102.5,AN:  57,AL:0,D1:0
Nov 04 13:44:53, NI:RIOT3-5c:cf:7f:00:72:6e,SW: 1.0a,SE:   133,IS:,Z0:    0
Nov 04 13:45:10, NI:RIOT2-5c:cf:7f:c6:d2:f0,SW: 1.1a,SE:   127,SD:,TE: 26.1,HU: 35.4,PR:102.5,AN:  31,AL:0,D1:0
Nov 04 13:45:53, NI:RIOT3-5c:cf:7f:00:72:6e,SW: 1.0a,SE:   134,IS:,Z0:    0
Nov 04 13:46:10, NI:RIOT2-5c:cf:7f:c6:d2:f0,SW: 1.1a,SE:   128,SD:,TE: 26.0,HU: 35.4,PR:102.5,AN:  46,AL:0,D1:0
Nov 04 13:46:53, NI:RIOT3-5c:cf:7f:00:72:6e,SW: 1.0a,SE:   135,IS:,Z0:    0
Nov 04 13:47:10, NI:RIOT2-5c:cf:7f:c6:d2:f0,SW: 1.1a,SE:   129,SD:,TE: 26.0,HU: 35.5,PR:102.5,AN:  63,AL:0,D1:0
Nov 04 13:47:53, NI:RIOT3-5c:cf:7f:00:72:6e,SW: 1.0a,SE:   136,IS:,Z0:    0
Nov 04 13:48:10, NI:RIOT2-5c:cf:7f:c6:d2:f0,SW: 1.1a,SE:   130,SD:,TE: 26.0,HU: 35.5,PR:102.5,AN:  31,AL:0,D1:0
Nov 04 13:48:53, NI:RIOT3-5c:cf:7f:00:72:6e,SW: 1.0a,SE:   137,IS:,Z0:    0
Nov 04 13:49:10, NI:RIOT2-5c:cf:7f:c6:d2:f0,SW: 1.1a,SE:   131,SD:,TE: 26.0,HU: 35.4,PR:102.5,AN:  51,AL:0,D1:0
Nov 04 13:49:53, NI:RIOT3-5c:cf:7f:00:72:6e,SW: 1.0a,SE:   138,IS:,Z0:    0
Nov 04 13:50:10, NI:RIOT2-5c:cf:7f:c6:d2:f0,SW: 1.1a,SE:   132,SD:,TE: 26.1,HU: 35.2,PR:102.5,AN:  33,AL:0,D1:0
Nov 04 13:50:53, NI:RIOT3-5c:cf:7f:00:72:6e,SW: 1.0a,SE:   139,IS:,Z0:    0
Nov 04 13:51:10, NI:RIOT2-5c:cf:7f:c6:d2:f0,SW: 1.1a,SE:   133,SD:,TE: 26.2,HU: 35.6,PR:102.5,AN:  35,AL:0,D1:0
Nov 04 13:51:53, NI:RIOT3-5c:cf:7f:00:72:6e,SW: 1.0a,SE:   140,IS:,Z0:    0
Nov 04 13:52:10, NI:RIOT2-5c:cf:7f:c6:d2:f0,SW: 1.1a,SE:   134,SD:,TE: 26.2,HU: 35.6,PR:102.5,AN:  38,AL:0,D1:0
Nov 04 13:52:53, NI:RIOT3-5c:cf:7f:00:72:6e,SW: 1.0a,SE:   141,IS:,Z0:    0
Nov 04 13:53:10, NI:RIOT2-5c:cf:7f:c6:d2:f0,SW: 1.1a,SE:   135,SD:,TE: 26.1,HU: 35.7,PR:102.5,AN:  51,AL:0,D1:0
Nov 04 13:53:53, NI:RIOT3-5c:cf:7f:00:72:6e,SW: 1.0a,SE:   142,IS:,Z0:    0
Nov 04 13:54:10, NI:RIOT2-5c:cf:7f:c6:d2:f0,SW: 1.1a,SE:   136,SD:,TE: 26.1,HU: 35.9,PR:102.5,AN:  37,AL:0,D1:0
Nov 04 13:54:53, NI:RIOT3-5c:cf:7f:00:72:6e,SW: 1.0a,SE:   143,IS:,Z0:    0
Nov 04 13:55:10, NI:RIOT2-5c:cf:7f:c6:d2:f0,SW: 1.1a,SE:   137,SD:,TE: 26.1,HU: 35.6,PR:102.4,AN:  43,AL:0,D1:0
Nov 04 13:55:53, NI:RIOT3-5c:cf:7f:00:72:6e,SW: 1.0a,SE:   144,IS:,Z0:    0
Nov 04 13:56:07, NI:RIOT3-5c:cf:7f:00:72:6e,SW: 1.0a,SE:   145,IS:,Z1:    2
Nov 04 13:56:09, NI:RIOT3-5c:cf:7f:00:72:6e,SW: 1.0a,SE:   146,IS:,Z2:    2
Nov 04 13:56:10, NI:RIOT2-5c:cf:7f:c6:d2:f0,SW: 1.1a,SE:   138,SD:,TE: 26.1,HU: 35.4,PR:102.4,AN:  40,AL:0,D1:0
Nov 04 13:56:11, NI:RIOT3-5c:cf:7f:00:72:6e,SW: 1.0a,SE:   147,IS:,Z3:    2
Nov 04 13:56:13, NI:RIOT3-5c:cf:7f:00:72:6e,SW: 1.0a,SE:   148,IS:,Z4:    2
Nov 04 13:56:15, NI:RIOT3-5c:cf:7f:00:72:6e,SW: 1.0a,SE:   149,IS:,Z5:    2
Nov 04 13:56:17, NI:RIOT3-5c:cf:7f:00:72:6e,SW: 1.0a,SE:   150,IS:,Z6:    2
Nov 04 13:56:19, NI:RIOT3-5c:cf:7f:00:72:6e,SW: 1.0a,SE:   151,IS:,Z7:    2
Nov 04 13:56:21, NI:RIOT3-5c:cf:7f:00:72:6e,SW: 1.0a,SE:   152,IS:,Z8:    2
Nov 04 13:56:23, NI:RIOT3-5c:cf:7f:00:72:6e,SW: 1.0a,SE:   153,IS:,Z0:    0
Nov 04 13:56:31, NI:RIOT3-5c:cf:7f:00:72:6e,SW: 1.0a,SE:   154,IS:,Z1:    1
Nov 04 13:56:32, NI:RIOT3-5c:cf:7f:00:72:6e,SW: 1.0a,SE:   155,IS:,Z2:    1
Nov 04 13:56:33, NI:RIOT3-5c:cf:7f:00:72:6e,SW: 1.0a,SE:   156,IS:,Z3:    1
Nov 04 13:56:34, NI:RIOT3-5c:cf:7f:00:72:6e,SW: 1.0a,SE:   157,IS:,Z4:    1
Nov 04 13:56:35, NI:RIOT3-5c:cf:7f:00:72:6e,SW: 1.0a,SE:   158,IS:,Z5:    1
Nov 04 13:56:36, NI:RIOT3-5c:cf:7f:00:72:6e,SW: 1.0a,SE:   159,IS:,Z6:    1
Nov 04 13:56:37, NI:RIOT3-5c:cf:7f:00:72:6e,SW: 1.0a,SE:   160,IS:,Z7:    1
Nov 04 13:56:38, NI:RIOT3-5c:cf:7f:00:72:6e,SW: 1.0a,SE:   161,IS:,Z8:    1
Nov 04 13:56:39, NI:RIOT3-5c:cf:7f:00:72:6e,SW: 1.0a,SE:   162,IS:,Z0:    0
Nov 04 13:57:10, NI:RIOT2-5c:cf:7f:c6:d2:f0,SW: 1.1a,SE:   139,SD:,TE: 26.1,HU: 35.4,PR:102.4,AN: 173,AL:0,D1:0
Nov 04 13:57:39, NI:RIOT3-5c:cf:7f:00:72:6e,SW: 1.0a,SE:   163,IS:,Z0:    0
Nov 04 13:58:10, NI:RIOT2-5c:cf:7f:c6:d2:f0,SW: 1.1a,SE:   140,SD:,TE: 26.0,HU: 35.8,PR:102.4,AN:  51,AL:0,D1:0
Nov 04 13:58:39, NI:RIOT3-5c:cf:7f:00:72:6e,SW: 1.0a,SE:   164,IS:,Z0:    0
Nov 04 13:59:10, NI:RIOT2-5c:cf:7f:c6:d2:f0,SW: 1.1a,SE:   141,SD:,TE: 26.0,HU: 35.6,PR:102.4,AN:  22,AL:0,D1:0
Nov 04 13:59:39, NI:RIOT3-5c:cf:7f:00:72:6e,SW: 1.0a,SE:   165,IS:,Z0:    0
Nov 04 14:00:10, NI:RIOT2-5c:cf:7f:c6:d2:f0,SW: 1.1a,SE:   142,SD:,TE: 26.0,HU: 35.5,PR:102.4,AN:  38,AL:0,D1:0
Nov 04 14:00:39, NI:RIOT3-5c:cf:7f:00:72:6e,SW: 1.0a,SE:   166,IS:,Z0:    0
Nov 04 14:01:10, NI:RIOT2-5c:cf:7f:c6:d2:f0,SW: 1.1a,SE:   143,SD:,TE: 25.9,HU: 35.4,PR:102.4,AN:  52,AL:0,D1:0
Nov 04 14:01:39, NI:RIOT3-5c:cf:7f:00:72:6e,SW: 1.0a,SE:   167,IS:,Z0:    0
Nov 04 14:02:10, NI:RIOT2-5c:cf:7f:c6:d2:f0,SW: 1.1a,SE:   144,SD:,TE: 25.9,HU: 35.6,PR:102.4,AN:  47,AL:0,D1:0
Nov 04 14:02:39, NI:RIOT3-5c:cf:7f:00:72:6e,SW: 1.0a,SE:   168,IS:,Z0:    0
Nov 04 14:03:10, NI:RIOT2-5c:cf:7f:c6:d2:f0,SW: 1.1a,SE:   145,SD:,TE: 26.0,HU: 35.6,PR:102.4,AN:  31,AL:0,D1:0
Nov 04 14:03:39, NI:RIOT3-5c:cf:7f:00:72:6e,SW: 1.0a,SE:   169,IS:,Z0:    0
Nov 04 14:04:10, NI:RIOT2-5c:cf:7f:c6:d2:f0,SW: 1.1a,SE:   146,SD:,TE: 26.0,HU: 35.5,PR:102.4,AN:  44,AL:0,D1:0
Nov 04 14:04:39, NI:RIOT3-5c:cf:7f:00:72:6e,SW: 1.0a,SE:   170,IS:,Z0:    0
Nov 04 14:05:10, NI:RIOT2-5c:cf:7f:c6:d2:f0,SW: 1.1a,SE:   147,SD:,TE: 26.0,HU: 35.6,PR:102.4,AN:  60,AL:0,D1:0
Nov 04 14:05:39, NI:RIOT3-5c:cf:7f:00:72:6e,SW: 1.0a,SE:   171,IS:,Z0:    0
Nov 04 14:06:10, NI:RIOT2-5c:cf:7f:c6:d2:f0,SW: 1.1a,SE:   148,SD:,TE: 26.0,HU: 35.7,PR:102.4,AN:  34,AL:0,D1:0
Nov 04 14:06:39, NI:RIOT3-5c:cf:7f:00:72:6e,SW: 1.0a,SE:   172,IS:,Z0:    0
Nov 04 14:07:10, NI:RIOT2-5c:cf:7f:c6:d2:f0,SW: 1.1a,SE:   149,SD:,TE: 26.0,HU: 35.6,PR:102.4,AN:  58,AL:0,D1:0
Nov 04 14:07:39, NI:RIOT3-5c:cf:7f:00:72:6e,SW: 1.0a,SE:   173,IS:,Z0:    0
Nov 04 14:08:10, NI:RIOT2-5c:cf:7f:c6:d2:f0,SW: 1.1a,SE:   150,SD:,TE: 26.0,HU: 36.1,PR:102.4,AN:  32,AL:0,D1:0
Nov 04 14:08:39, NI:RIOT3-5c:cf:7f:00:72:6e,SW: 1.0a,SE:   174,IS:,Z0:    0
Nov 04 14:09:10, NI:RIOT2-5c:cf:7f:c6:d2:f0,SW: 1.1a,SE:   151,SD:,TE: 26.0,HU: 35.5,PR:102.4,AN:  31,AL:0,D1:0
Nov 04 14:09:39, NI:RIOT3-5c:cf:7f:00:72:6e,SW: 1.0a,SE:   175,IS:,Z0:    0
Nov 04 14:10:10, NI:RIOT2-5c:cf:7f:c6:d2:f0,SW: 1.1a,SE:   152,SD:,TE: 26.0,HU: 35.2,PR:102.4,AN:  31,AL:0,D1:0
Nov 04 14:10:39, NI:RIOT3-5c:cf:7f:00:72:6e,SW: 1.0a,SE:   176,IS:,Z0:    0
Nov 04 14:11:10, NI:RIOT2-5c:cf:7f:c6:d2:f0,SW: 1.1a,SE:   153,SD:,TE: 25.9,HU: 35.2,PR:102.4,AN:  41,AL:0,D1:0
Nov 04 14:11:39, NI:RIOT3-5c:cf:7f:00:72:6e,SW: 1.0a,SE:   177,IS:,Z0:    0
Nov 04 14:12:10, NI:RIOT2-5c:cf:7f:c6:d2:f0,SW: 1.1a,SE:   154,SD:,TE: 25.9,HU: 35.5,PR:102.4,AN:  32,AL:0,D1:0
Nov 04 14:12:39, NI:RIOT3-5c:cf:7f:00:72:6e,SW: 1.0a,SE:   178,IS:,Z0:    0
Nov 04 14:13:10, NI:RIOT2-5c:cf:7f:c6:d2:f0,SW: 1.1a,SE:   155,SD:,TE: 25.8,HU: 35.6,PR:102.4,AN:  31,AL:0,D1:0
Nov 04 14:13:39, NI:RIOT3-5c:cf:7f:00:72:6e,SW: 1.0a,SE:   179,IS:,Z0:    0
Nov 04 14:14:10, NI:RIOT2-5c:cf:7f:c6:d2:f0,SW: 1.1a,SE:   156,SD:,TE: 25.8,HU: 35.7,PR:102.4,AN:  58,AL:0,D1:0
Nov 04 14:14:39, NI:RIOT3-5c:cf:7f:00:72:6e,SW: 1.0a,SE:   180,IS:,Z0:    0
Nov 04 14:15:10, NI:RIOT2-5c:cf:7f:c6:d2:f0,SW: 1.1a,SE:   157,SD:,TE: 25.8,HU: 35.8,PR:102.4,AN:  31,AL:0,D1:0
Nov 04 14:15:39, NI:RIOT3-5c:cf:7f:00:72:6e,SW: 1.0a,SE:   181,IS:,Z0:    0
Nov 04 14:16:10, NI:RIOT2-5c:cf:7f:c6:d2:f0,SW: 1.1a,SE:   158,SD:,TE: 25.8,HU: 35.7,PR:102.4,AN:  53,AL:0,D1:0
Nov 04 14:16:39, NI:RIOT3-5c:cf:7f:00:72:6e,SW: 1.0a,SE:   182,IS:,Z0:    0
Nov 04 14:17:10, NI:RIOT2-5c:cf:7f:c6:d2:f0,SW: 1.1a,SE:   159,SD:,TE: 25.8,HU: 35.8,PR:102.4,AN:  50,AL:0,D1:0
Nov 04 14:17:39, NI:RIOT3-5c:cf:7f:00:72:6e,SW: 1.0a,SE:   183,IS:,Z0:    0
Nov 04 14:18:10, NI:RIOT2-5c:cf:7f:c6:d2:f0,SW: 1.1a,SE:   160,SD:,TE: 25.8,HU: 35.8,PR:102.4,AN:  35,AL:0,D1:0
Nov 04 14:18:39, NI:RIOT3-5c:cf:7f:00:72:6e,SW: 1.0a,SE:   184,IS:,Z0:    0
Nov 04 14:19:10, NI:RIOT2-5c:cf:7f:c6:d2:f0,SW: 1.1a,SE:   161,SD:,TE: 25.8,HU: 35.8,PR:102.4,AN:  34,AL:0,D1:0
Nov 04 14:19:39, NI:RIOT3-5c:cf:7f:00:72:6e,SW: 1.0a,SE:   185,IS:,Z0:    0
Nov 04 14:20:10, NI:RIOT2-5c:cf:7f:c6:d2:f0,SW: 1.1a,SE:   162,SD:,TE: 25.7,HU: 35.9,PR:102.4,AN:  58,AL:0,D1:0
Nov 04 14:20:39, NI:RIOT3-5c:cf:7f:00:72:6e,SW: 1.0a,SE:   186,IS:,Z0:    0
Nov 04 14:21:10, NI:RIOT2-5c:cf:7f:c6:d2:f0,SW: 1.1a,SE:   163,SD:,TE: 25.7,HU: 35.9,PR:102.4,AN:  24,AL:0,D1:0
Nov 04 14:21:39, NI:RIOT3-5c:cf:7f:00:72:6e,SW: 1.0a,SE:   187,IS:,Z0:    0
Nov 04 14:22:10, NI:RIOT2-5c:cf:7f:c6:d2:f0,SW: 1.1a,SE:   164,SD:,TE: 25.7,HU: 36.0,PR:102.4,AN:  31,AL:0,D1:0
Nov 04 14:22:39, NI:RIOT3-5c:cf:7f:00:72:6e,SW: 1.0a,SE:   188,IS:,Z0:    0
Nov 04 14:23:10, NI:RIOT2-5c:cf:7f:c6:d2:f0,SW: 1.1a,SE:   165,SD:,TE: 25.7,HU: 36.0,PR:102.4,AN:  35,AL:0,D1:0
Nov 04 14:23:39, NI:RIOT3-5c:cf:7f:00:72:6e,SW: 1.0a,SE:   189,IS:,Z0:    0
Nov 04 14:24:10, NI:RIOT2-5c:cf:7f:c6:d2:f0,SW: 1.1a,SE:   166,SD:,TE: 25.7,HU: 35.9,PR:102.4,AN: 110,AL:0,D1:0
Nov 04 14:24:39, NI:RIOT3-5c:cf:7f:00:72:6e,SW: 1.0a,SE:   190,IS:,Z0:    0
Nov 04 14:25:10, NI:RIOT2-5c:cf:7f:c6:d2:f0,SW: 1.1a,SE:   167,SD:,TE: 25.7,HU: 35.9,PR:102.4,AN:  44,AL:0,D1:0
Nov 04 14:25:39, NI:RIOT3-5c:cf:7f:00:72:6e,SW: 1.0a,SE:   191,IS:,Z0:    0
Nov 04 14:26:10, NI:RIOT2-5c:cf:7f:c6:d2:f0,SW: 1.1a,SE:   168,SD:,TE: 25.7,HU: 35.9,PR:102.4,AN:  60,AL:0,D1:0
Nov 04 14:26:39, NI:RIOT3-5c:cf:7f:00:72:6e,SW: 1.0a,SE:   192,IS:,Z0:    0
Nov 04 14:27:10, NI:RIOT2-5c:cf:7f:c6:d2:f0,SW: 1.1a,SE:   169,SD:,TE: 25.7,HU: 35.9,PR:102.4,AN:  55,AL:0,D1:0
Nov 04 14:27:39, NI:RIOT3-5c:cf:7f:00:72:6e,SW: 1.0a,SE:   193,IS:,Z0:    0
Nov 04 14:28:10, NI:RIOT2-5c:cf:7f:c6:d2:f0,SW: 1.1a,SE:   170,SD:,TE: 25.7,HU: 35.9,PR:102.4,AN:  39,AL:0,D1:0
Nov 04 14:28:39, NI:RIOT3-5c:cf:7f:00:72:6e,SW: 1.0a,SE:   194,IS:,Z0:    0
Nov 04 14:29:10, NI:RIOT2-5c:cf:7f:c6:d2:f0,SW: 1.1a,SE:   171,SD:,TE: 25.7,HU: 35.9,PR:102.4,AN:  32,AL:0,D1:0
Nov 04 14:29:39, NI:RIOT3-5c:cf:7f:00:72:6e,SW: 1.0a,SE:   195,IS:,Z0:    0
Nov 04 14:30:10, NI:RIOT2-5c:cf:7f:c6:d2:f0,SW: 1.1a,SE:   172,SD:,TE: 25.6,HU: 36.0,PR:102.4,AN:  62,AL:0,D1:0
Nov 04 14:30:39, NI:RIOT3-5c:cf:7f:00:72:6e,SW: 1.0a,SE:   196,IS:,Z0:    0
Nov 04 14:31:10, NI:RIOT2-5c:cf:7f:c6:d2:f0,SW: 1.1a,SE:   173,SD:,TE: 25.6,HU: 36.0,PR:102.4,AN:  56,AL:0,D1:0
Nov 04 14:31:39, NI:RIOT3-5c:cf:7f:00:72:6e,SW: 1.0a,SE:   197,IS:,Z0:    0
Nov 04 14:32:10, NI:RIOT2-5c:cf:7f:c6:d2:f0,SW: 1.1a,SE:   174,SD:,TE: 25.6,HU: 36.1,PR:102.4,AN:  32,AL:0,D1:0
Nov 04 14:32:39, NI:RIOT3-5c:cf:7f:00:72:6e,SW: 1.0a,SE:   198,IS:,Z0:    0
Nov 04 14:33:10, NI:RIOT2-5c:cf:7f:c6:d2:f0,SW: 1.1a,SE:   175,SD:,TE: 25.6,HU: 36.0,PR:102.4,AN:  54,AL:0,D1:0
Nov 04 14:33:39, NI:RIOT3-5c:cf:7f:00:72:6e,SW: 1.0a,SE:   199,IS:,Z0:    0
Nov 04 14:34:10, NI:RIOT2-5c:cf:7f:c6:d2:f0,SW: 1.1a,SE:   176,SD:,TE: 25.6,HU: 36.1,PR:102.4,AN:  33,AL:0,D1:0
Nov 04 14:34:39, NI:RIOT3-5c:cf:7f:00:72:6e,SW: 1.0a,SE:   200,IS:,Z0:    0
Nov 04 14:35:10, NI:RIOT2-5c:cf:7f:c6:d2:f0,SW: 1.1a,SE:   177,SD:,TE: 25.5,HU: 36.2,PR:102.4,AN:  56,AL:0,D1:0
Nov 04 14:35:39, NI:RIOT3-5c:cf:7f:00:72:6e,SW: 1.0a,SE:   201,IS:,Z0:    0
Nov 04 14:36:10, NI:RIOT2-5c:cf:7f:c6:d2:f0,SW: 1.1a,SE:   178,SD:,TE: 25.5,HU: 36.1,PR:102.4,AN:  57,AL:0,D1:0
Nov 04 14:36:39, NI:RIOT3-5c:cf:7f:00:72:6e,SW: 1.0a,SE:   202,IS:,Z0:    0
Nov 04 14:37:10, NI:RIOT2-5c:cf:7f:c6:d2:f0,SW: 1.1a,SE:   179,SD:,TE: 25.5,HU: 36.2,PR:102.4,AN:  50,AL:0,D1:0
Nov 04 14:37:39, NI:RIOT3-5c:cf:7f:00:72:6e,SW: 1.0a,SE:   203,IS:,Z0:    0
Nov 04 14:38:10, NI:RIOT2-5c:cf:7f:c6:d2:f0,SW: 1.1a,SE:   180,SD:,TE: 25.5,HU: 36.2,PR:102.4,AN:  34,AL:0,D1:0
Nov 04 14:38:39, NI:RIOT3-5c:cf:7f:00:72:6e,SW: 1.0a,SE:   204,IS:,Z0:    0
Nov 04 14:39:10, NI:RIOT2-5c:cf:7f:c6:d2:f0,SW: 1.1a,SE:   181,SD:,TE: 25.5,HU: 36.1,PR:102.4,AN:  44,AL:0,D1:0
Nov 04 14:39:39, NI:RIOT3-5c:cf:7f:00:72:6e,SW: 1.0a,SE:   205,IS:,Z0:    0
Nov 04 14:40:10, NI:RIOT2-5c:cf:7f:c6:d2:f0,SW: 1.1a,SE:   182,SD:,TE: 25.5,HU: 36.2,PR:102.4,AN:  32,AL:0,D1:0
Nov 04 14:40:39, NI:RIOT3-5c:cf:7f:00:72:6e,SW: 1.0a,SE:   206,IS:,Z0:    0
Nov 04 14:41:10, NI:RIOT2-5c:cf:7f:c6:d2:f0,SW: 1.1a,SE:   183,SD:,TE: 25.5,HU: 36.2,PR:102.4,AN:  59,AL:0,D1:0
Nov 04 14:41:39, NI:RIOT3-5c:cf:7f:00:72:6e,SW: 1.0a,SE:   207,IS:,Z0:    0
Nov 04 14:42:10, NI:RIOT2-5c:cf:7f:c6:d2:f0,SW: 1.1a,SE:   184,SD:,TE: 25.5,HU: 36.2,PR:102.4,AN:  42,AL:0,D1:0
Nov 04 14:42:39, NI:RIOT3-5c:cf:7f:00:72:6e,SW: 1.0a,SE:   208,IS:,Z0:    0
Nov 04 14:43:10, NI:RIOT2-5c:cf:7f:c6:d2:f0,SW: 1.1a,SE:   185,SD:,TE: 25.5,HU: 36.2,PR:102.4,AN:  58,AL:0,D1:0
Nov 04 14:43:39, NI:RIOT3-5c:cf:7f:00:72:6e,SW: 1.0a,SE:   209,IS:,Z0:    0
Nov 04 14:44:10, NI:RIOT2-5c:cf:7f:c6:d2:f0,SW: 1.1a,SE:   186,SD:,TE: 25.5,HU: 36.2,PR:102.4,AN:  55,AL:0,D1:0
Nov 04 14:44:39, NI:RIOT3-5c:cf:7f:00:72:6e,SW: 1.0a,SE:   210,IS:,Z0:    0
Nov 04 14:45:10, NI:RIOT2-5c:cf:7f:c6:d2:f0,SW: 1.1a,SE:   187,SD:,TE: 25.5,HU: 36.2,PR:102.4,AN:  65,AL:0,D1:0
Nov 04 14:45:39, NI:RIOT3-5c:cf:7f:00:72:6e,SW: 1.0a,SE:   211,IS:,Z0:    0
Nov 04 14:46:10, NI:RIOT2-5c:cf:7f:c6:d2:f0,SW: 1.1a,SE:   188,SD:,TE: 25.5,HU: 36.3,PR:102.4,AN:  40,AL:0,D1:0
Nov 04 14:46:39, NI:RIOT3-5c:cf:7f:00:72:6e,SW: 1.0a,SE:   212,IS:,Z0:    0
Nov 04 14:47:10, NI:RIOT2-5c:cf:7f:c6:d2:f0,SW: 1.1a,SE:   189,SD:,TE: 25.5,HU: 36.2,PR:102.4,AN:  49,AL:0,D1:0
Nov 04 14:47:39, NI:RIOT3-5c:cf:7f:00:72:6e,SW: 1.0a,SE:   213,IS:,Z0:    0
Nov 04 14:48:10, NI:RIOT2-5c:cf:7f:c6:d2:f0,SW: 1.1a,SE:   190,SD:,TE: 25.5,HU: 36.2,PR:102.4,AN:  23,AL:0,D1:0
Nov 04 14:48:39, NI:RIOT3-5c:cf:7f:00:72:6e,SW: 1.0a,SE:   214,IS:,Z0:    0
Nov 04 14:49:10, NI:RIOT2-5c:cf:7f:c6:d2:f0,SW: 1.1a,SE:   191,SD:,TE: 25.5,HU: 36.2,PR:102.4,AN:  53,AL:0,D1:0
Nov 04 14:49:39, NI:RIOT3-5c:cf:7f:00:72:6e,SW: 1.0a,SE:   215,IS:,Z0:    0
Nov 04 14:50:10, NI:RIOT2-5c:cf:7f:c6:d2:f0,SW: 1.1a,SE:   192,SD:,TE: 25.5,HU: 36.2,PR:102.4,AN:  61,AL:0,D1:0
Nov 04 14:50:39, NI:RIOT3-5c:cf:7f:00:72:6e,SW: 1.0a,SE:   216,IS:,Z0:    0
Nov 04 14:50:57, NI:RIOT3-5c:cf:7f:00:72:6e,SW: 1.0a,SE:   217,IS:,Z1:    5
Nov 04 14:51:01, NI:RIOT3-5c:cf:7f:00:72:6e,SW: 1.0a,SE:   218,IS:,Z2:    5
Nov 04 14:51:06, NI:RIOT3-5c:cf:7f:00:72:6e,SW: 1.0a,SE:   219,IS:,Z3:    5
Nov 04 14:51:10, NI:RIOT2-5c:cf:7f:c6:d2:f0,SW: 1.1a,SE:   193,SD:,TE: 25.5,HU: 36.2,PR:102.4,AN:  41,AL:0,D1:0
Nov 04 14:51:11, NI:RIOT3-5c:cf:7f:00:72:6e,SW: 1.0a,SE:   220,IS:,Z4:    5
Nov 04 14:51:16, NI:RIOT3-5c:cf:7f:00:72:6e,SW: 1.0a,SE:   221,IS:,Z5:    5
Nov 04 14:51:21, NI:RIOT3-5c:cf:7f:00:72:6e,SW: 1.0a,SE:   222,IS:,Z6:    5
Nov 04 14:51:26, NI:RIOT3-5c:cf:7f:00:72:6e,SW: 1.0a,SE:   223,IS:,Z7:    5
Nov 04 14:51:31, NI:RIOT3-5c:cf:7f:00:72:6e,SW: 1.0a,SE:   224,IS:,Z8:    5
Nov 04 14:51:36, NI:RIOT3-5c:cf:7f:00:72:6e,SW: 1.0a,SE:   225,IS:,Z0:    0
Nov 04 14:52:10, NI:RIOT2-5c:cf:7f:c6:d2:f0,SW: 1.1a,SE:   194,SD:,TE: 25.5,HU: 36.3,PR:102.4,AN:  28,AL:0,D1:0
Nov 04 14:52:36, NI:RIOT3-5c:cf:7f:00:72:6e,SW: 1.0a,SE:   226,IS:,Z0:    0
Nov 04 14:53:10, NI:RIOT2-5c:cf:7f:c6:d2:f0,SW: 1.1a,SE:   195,SD:,TE: 25.4,HU: 36.3,PR:102.4,AN:  58,AL:0,D1:0
Nov 04 14:53:36, NI:RIOT3-5c:cf:7f:00:72:6e,SW: 1.0a,SE:   227,IS:,Z0:    0
Nov 04 14:54:10, NI:RIOT2-5c:cf:7f:c6:d2:f0,SW: 1.1a,SE:   196,SD:,TE: 25.4,HU: 36.3,PR:102.4,AN:  47,AL:0,D1:0
Nov 04 14:54:36, NI:RIOT3-5c:cf:7f:00:72:6e,SW: 1.0a,SE:   228,IS:,Z0:    0
Nov 04 14:55:10, NI:RIOT2-5c:cf:7f:c6:d2:f0,SW: 1.1a,SE:   197,SD:,TE: 25.4,HU: 36.3,PR:102.4,AN:  62,AL:0,D1:0
Nov 04 14:55:36, NI:RIOT3-5c:cf:7f:00:72:6e,SW: 1.0a,SE:   229,IS:,Z0:    0
Nov 04 14:56:10, NI:RIOT2-5c:cf:7f:c6:d2:f0,SW: 1.1a,SE:   198,SD:,TE: 25.4,HU: 36.4,PR:102.4,AN:  32,AL:0,D1:0
Nov 04 14:56:36, NI:RIOT3-5c:cf:7f:00:72:6e,SW: 1.0a,SE:   230,IS:,Z0:    0
Nov 04 14:57:10, NI:RIOT2-5c:cf:7f:c6:d2:f0,SW: 1.1a,SE:   199,SD:,TE: 25.4,HU: 36.4,PR:102.4,AN:  50,AL:0,D1:0
Nov 04 14:57:36, NI:RIOT3-5c:cf:7f:00:72:6e,SW: 1.0a,SE:   231,IS:,Z0:    0
Nov 04 14:58:10, NI:RIOT2-5c:cf:7f:c6:d2:f0,SW: 1.1a,SE:   200,SD:,TE: 25.4,HU: 36.4,PR:102.4,AN:  27,AL:0,D1:0
Nov 04 14:58:36, NI:RIOT3-5c:cf:7f:00:72:6e,SW: 1.0a,SE:   232,IS:,Z0:    0
Nov 04 14:59:10, NI:RIOT2-5c:cf:7f:c6:d2:f0,SW: 1.1a,SE:   201,SD:,TE: 25.4,HU: 36.4,PR:102.4,AN:  34,AL:0,D1:0
Nov 04 14:59:36, NI:RIOT3-5c:cf:7f:00:72:6e,SW: 1.0a,SE:   233,IS:,Z0:    0
Nov 04 15:00:10, NI:RIOT2-5c:cf:7f:c6:d2:f0,SW: 1.1a,SE:   202,SD:,TE: 25.4,HU: 36.5,PR:102.4,AN:  30,AL:0,D1:0
Nov 04 15:00:36, NI:RIOT3-5c:cf:7f:00:72:6e,SW: 1.0a,SE:   234,IS:,Z0:    0
Nov 04 15:01:10, NI:RIOT2-5c:cf:7f:c6:d2:f0,SW: 1.1a,SE:   203,SD:,TE: 25.4,HU: 36.5,PR:102.4,AN:  27,AL:0,D1:0
Nov 04 15:01:36, NI:RIOT3-5c:cf:7f:00:72:6e,SW: 1.0a,SE:   235,IS:,Z0:    0
Nov 04 15:02:10, NI:RIOT2-5c:cf:7f:c6:d2:f0,SW: 1.1a,SE:   204,SD:,TE: 25.4,HU: 36.6,PR:102.4,AN:  43,AL:0,D1:0
Nov 04 15:02:36, NI:RIOT3-5c:cf:7f:00:72:6e,SW: 1.0a,SE:   236,IS:,Z0:    0
Nov 04 15:03:10, NI:RIOT2-5c:cf:7f:c6:d2:f0,SW: 1.1a,SE:   205,SD:,TE: 25.4,HU: 36.5,PR:102.4,AN:  64,AL:0,D1:0
Nov 04 15:03:36, NI:RIOT3-5c:cf:7f:00:72:6e,SW: 1.0a,SE:   237,IS:,Z0:    0
Nov 04 15:04:10, NI:RIOT2-5c:cf:7f:c6:d2:f0,SW: 1.1a,SE:   206,SD:,TE: 25.5,HU: 36.6,PR:102.4,AN:  41,AL:0,D1:0
Nov 04 15:04:36, NI:RIOT3-5c:cf:7f:00:72:6e,SW: 1.0a,SE:   238,IS:,Z0:    0
Nov 04 15:05:10, NI:RIOT2-5c:cf:7f:c6:d2:f0,SW: 1.1a,SE:   207,SD:,TE: 25.5,HU: 36.5,PR:102.4,AN:  31,AL:0,D1:0
Nov 04 15:05:36, NI:RIOT3-5c:cf:7f:00:72:6e,SW: 1.0a,SE:   239,IS:,Z0:    0
Nov 04 15:06:10, NI:RIOT2-5c:cf:7f:c6:d2:f0,SW: 1.1a,SE:   208,SD:,TE: 25.5,HU: 36.5,PR:102.4,AN:  39,AL:0,D1:0
Nov 04 15:06:36, NI:RIOT3-5c:cf:7f:00:72:6e,SW: 1.0a,SE:   240,IS:,Z0:    0
Nov 04 15:07:10, NI:RIOT2-5c:cf:7f:c6:d2:f0,SW: 1.1a,SE:   209,SD:,TE: 25.5,HU: 36.5,PR:102.4,AN:  61,AL:0,D1:0
Nov 04 15:07:36, NI:RIOT3-5c:cf:7f:00:72:6e,SW: 1.0a,SE:   241,IS:,Z0:    0
Nov 04 15:08:10, NI:RIOT2-5c:cf:7f:c6:d2:f0,SW: 1.1a,SE:   210,SD:,TE: 25.5,HU: 36.5,PR:102.4,AN:  22,AL:0,D1:0
Nov 04 15:08:36, NI:RIOT3-5c:cf:7f:00:72:6e,SW: 1.0a,SE:   242,IS:,Z0:    0
Nov 04 15:09:10, NI:RIOT2-5c:cf:7f:c6:d2:f0,SW: 1.1a,SE:   211,SD:,TE: 25.5,HU: 36.6,PR:102.4,AN:  51,AL:0,D1:0
Nov 04 15:09:36, NI:RIOT3-5c:cf:7f:00:72:6e,SW: 1.0a,SE:   243,IS:,Z0:    0
Nov 04 15:10:10, NI:RIOT2-5c:cf:7f:c6:d2:f0,SW: 1.1a,SE:   212,SD:,TE: 25.5,HU: 36.7,PR:102.4,AN:  35,AL:0,D1:0
Nov 04 15:10:36, NI:RIOT3-5c:cf:7f:00:72:6e,SW: 1.0a,SE:   244,IS:,Z0:    0
Nov 04 15:11:10, NI:RIOT2-5c:cf:7f:c6:d2:f0,SW: 1.1a,SE:   213,SD:,TE: 25.5,HU: 36.8,PR:102.4,AN:  57,AL:0,D1:0
Nov 04 15:11:36, NI:RIOT3-5c:cf:7f:00:72:6e,SW: 1.0a,SE:   245,IS:,Z0:    0
Nov 04 15:12:10, NI:RIOT2-5c:cf:7f:c6:d2:f0,SW: 1.1a,SE:   214,SD:,TE: 25.5,HU: 36.8,PR:102.4,AN:  38,AL:0,D1:0
Nov 04 15:12:36, NI:RIOT3-5c:cf:7f:00:72:6e,SW: 1.0a,SE:   246,IS:,Z0:    0
Nov 04 15:13:10, NI:RIOT2-5c:cf:7f:c6:d2:f0,SW: 1.1a,SE:   215,SD:,TE: 25.5,HU: 36.8,PR:102.4,AN:  55,AL:0,D1:0
Nov 04 15:13:36, NI:RIOT3-5c:cf:7f:00:72:6e,SW: 1.0a,SE:   247,IS:,Z0:    0
Nov 04 15:14:10, NI:RIOT2-5c:cf:7f:c6:d2:f0,SW: 1.1a,SE:   216,SD:,TE: 25.5,HU: 37.0,PR:102.4,AN:  36,AL:0,D1:0
Nov 04 15:14:36, NI:RIOT3-5c:cf:7f:00:72:6e,SW: 1.0a,SE:   248,IS:,Z0:    0
Nov 04 15:15:10, NI:RIOT2-5c:cf:7f:c6:d2:f0,SW: 1.1a,SE:   217,SD:,TE: 25.5,HU: 36.8,PR:102.4,AN:  47,AL:0,D1:0
Nov 04 15:15:36, NI:RIOT3-5c:cf:7f:00:72:6e,SW: 1.0a,SE:   249,IS:,Z0:    0
Nov 04 15:16:10, NI:RIOT2-5c:cf:7f:c6:d2:f0,SW: 1.1a,SE:   218,SD:,TE: 25.6,HU: 36.8,PR:102.4,AN:  34,AL:0,D1:0
Nov 04 15:16:36, NI:RIOT3-5c:cf:7f:00:72:6e,SW: 1.0a,SE:   250,IS:,Z0:    0
Nov 04 15:17:10, NI:RIOT2-5c:cf:7f:c6:d2:f0,SW: 1.1a,SE:   219,SD:,TE: 25.6,HU: 36.9,PR:102.4,AN:  28,AL:0,D1:0
Nov 04 15:17:36, NI:RIOT3-5c:cf:7f:00:72:6e,SW: 1.0a,SE:   251,IS:,Z0:    0
Nov 04 15:18:10, NI:RIOT2-5c:cf:7f:c6:d2:f0,SW: 1.1a,SE:   220,SD:,TE: 25.6,HU: 36.8,PR:102.4,AN:  36,AL:0,D1:0
Nov 04 15:18:36, NI:RIOT3-5c:cf:7f:00:72:6e,SW: 1.0a,SE:   252,IS:,Z0:    0
Nov 04 15:19:10, NI:RIOT2-5c:cf:7f:c6:d2:f0,SW: 1.1a,SE:   221,SD:,TE: 25.6,HU: 36.8,PR:102.4,AN:  32,AL:0,D1:0
Nov 04 15:19:36, NI:RIOT3-5c:cf:7f:00:72:6e,SW: 1.0a,SE:   253,IS:,Z0:    0
Nov 04 15:20:10, NI:RIOT2-5c:cf:7f:c6:d2:f0,SW: 1.1a,SE:   222,SD:,TE: 25.6,HU: 36.9,PR:102.4,AN:  46,AL:0,D1:0
Nov 04 15:20:36, NI:RIOT3-5c:cf:7f:00:72:6e,SW: 1.0a,SE:   254,IS:,Z0:    0
Nov 04 15:21:10, NI:RIOT2-5c:cf:7f:c6:d2:f0,SW: 1.1a,SE:   223,SD:,TE: 25.6,HU: 36.9,PR:102.4,AN:  47,AL:0,D1:0
Nov 04 15:21:36, NI:RIOT3-5c:cf:7f:00:72:6e,SW: 1.0a,SE:   255,IS:,Z0:    0
Nov 04 15:22:10, NI:RIOT2-5c:cf:7f:c6:d2:f0,SW: 1.1a,SE:   224,SD:,TE: 25.6,HU: 36.9,PR:102.4,AN:  35,AL:0,D1:0
Nov 04 15:22:36, NI:RIOT3-5c:cf:7f:00:72:6e,SW: 1.0a,SE:   256,IS:,Z0:    0
Nov 04 15:23:10, NI:RIOT2-5c:cf:7f:c6:d2:f0,SW: 1.1a,SE:   225,SD:,TE: 25.6,HU: 36.9,PR:102.4,AN:  51,AL:0,D1:0
Nov 04 15:23:36, NI:RIOT3-5c:cf:7f:00:72:6e,SW: 1.0a,SE:   257,IS:,Z0:    0
Nov 04 15:24:10, NI:RIOT2-5c:cf:7f:c6:d2:f0,SW: 1.1a,SE:   226,SD:,TE: 25.7,HU: 36.9,PR:102.4,AN:  36,AL:0,D1:0
Nov 04 15:24:36, NI:RIOT3-5c:cf:7f:00:72:6e,SW: 1.0a,SE:   258,IS:,Z0:    0
Nov 04 15:25:10, NI:RIOT2-5c:cf:7f:c6:d2:f0,SW: 1.1a,SE:   227,SD:,TE: 25.6,HU: 36.9,PR:102.4,AN:  53,AL:0,D1:0
Nov 04 15:25:36, NI:RIOT3-5c:cf:7f:00:72:6e,SW: 1.0a,SE:   259,IS:,Z0:    0
Nov 04 15:26:10, NI:RIOT2-5c:cf:7f:c6:d2:f0,SW: 1.1a,SE:   228,SD:,TE: 25.7,HU: 36.8,PR:102.4,AN:  49,AL:0,D1:0
Nov 04 15:26:36, NI:RIOT3-5c:cf:7f:00:72:6e,SW: 1.0a,SE:   260,IS:,Z0:    0
Nov 04 15:27:10, NI:RIOT2-5c:cf:7f:c6:d2:f0,SW: 1.1a,SE:   229,SD:,TE: 25.7,HU: 36.9,PR:102.4,AN:  44,AL:0,D1:0
Nov 04 15:27:36, NI:RIOT3-5c:cf:7f:00:72:6e,SW: 1.0a,SE:   261,IS:,Z0:    0
Nov 04 15:28:10, NI:RIOT2-5c:cf:7f:c6:d2:f0,SW: 1.1a,SE:   230,SD:,TE: 25.7,HU: 36.9,PR:102.4,AN:  27,AL:0,D1:0
Nov 04 15:28:36, NI:RIOT3-5c:cf:7f:00:72:6e,SW: 1.0a,SE:   262,IS:,Z0:    0
Nov 04 15:29:10, NI:RIOT2-5c:cf:7f:c6:d2:f0,SW: 1.1a,SE:   231,SD:,TE: 25.7,HU: 37.0,PR:102.4,AN:  53,AL:0,D1:0
Nov 04 15:29:36, NI:RIOT3-5c:cf:7f:00:72:6e,SW: 1.0a,SE:   263,IS:,Z0:    0
Nov 04 15:30:10, NI:RIOT2-5c:cf:7f:c6:d2:f0,SW: 1.1a,SE:   232,SD:,TE: 25.7,HU: 36.9,PR:102.3,AN:  27,AL:0,D1:0
Nov 04 15:30:36, NI:RIOT3-5c:cf:7f:00:72:6e,SW: 1.0a,SE:   264,IS:,Z0:    0
Nov 04 15:31:10, NI:RIOT2-5c:cf:7f:c6:d2:f0,SW: 1.1a,SE:   233,SD:,TE: 25.7,HU: 37.0,PR:102.3,AN:  51,AL:0,D1:0
Nov 04 15:31:36, NI:RIOT3-5c:cf:7f:00:72:6e,SW: 1.0a,SE:   265,IS:,Z0:    0
Nov 04 15:32:10, NI:RIOT2-5c:cf:7f:c6:d2:f0,SW: 1.1a,SE:   234,SD:,TE: 25.7,HU: 37.1,PR:102.3,AN:  62,AL:0,D1:0
Nov 04 15:32:36, NI:RIOT3-5c:cf:7f:00:72:6e,SW: 1.0a,SE:   266,IS:,Z0:    0
Nov 04 15:33:10, NI:RIOT2-5c:cf:7f:c6:d2:f0,SW: 1.1a,SE:   235,SD:,TE: 25.7,HU: 37.6,PR:102.3,AN:  38,AL:0,D1:0
Nov 04 15:33:36, NI:RIOT3-5c:cf:7f:00:72:6e,SW: 1.0a,SE:   267,IS:,Z0:    0
Nov 04 15:34:10, NI:RIOT2-5c:cf:7f:c6:d2:f0,SW: 1.1a,SE:   236,SD:,TE: 25.7,HU: 37.4,PR:102.3,AN:  50,AL:0,D1:0
Nov 04 15:34:36, NI:RIOT3-5c:cf:7f:00:72:6e,SW: 1.0a,SE:   268,IS:,Z0:    0
Nov 04 15:35:10, NI:RIOT2-5c:cf:7f:c6:d2:f0,SW: 1.1a,SE:   237,SD:,TE: 25.7,HU: 37.5,PR:102.3,AN:  53,AL:0,D1:0
Nov 04 15:35:36, NI:RIOT3-5c:cf:7f:00:72:6e,SW: 1.0a,SE:   269,IS:,Z0:    0
Nov 04 15:36:10, NI:RIOT2-5c:cf:7f:c6:d2:f0,SW: 1.1a,SE:   238,SD:,TE: 25.7,HU: 37.4,PR:102.3,AN:  35,AL:0,D1:0
Nov 04 15:36:36, NI:RIOT3-5c:cf:7f:00:72:6e,SW: 1.0a,SE:   270,IS:,Z0:    0
Nov 04 15:37:10, NI:RIOT2-5c:cf:7f:c6:d2:f0,SW: 1.1a,SE:   239,SD:,TE: 25.7,HU: 37.4,PR:102.3,AN:  43,AL:0,D1:0
Nov 04 15:37:36, NI:RIOT3-5c:cf:7f:00:72:6e,SW: 1.0a,SE:   271,IS:,Z0:    0
Nov 04 15:38:10, NI:RIOT2-5c:cf:7f:c6:d2:f0,SW: 1.1a,SE:   240,SD:,TE: 25.7,HU: 37.4,PR:102.3,AN:  30,AL:0,D1:0
Nov 04 15:38:32, NI:RIOT3-5c:cf:7f:00:72:6e,SW: 1.0a,SE:   272,IS:,Z0:    0
Nov 04 15:38:32, NI:RIOT2-5c:cf:7f:c6:d2:f0,SW: 1.1a,SE:   241,SD:,TE: 25.7,HU: 37.6,PR:102.3,AN:  28,AL:0,D1:0
Nov 04 15:39:06, NI:RIOT3-5c:cf:7f:00:72:6e,SW: 1.0a,SE:   273,IS:,Z0:    0
Nov 04 15:39:06, NI:RIOT2-5c:cf:7f:c6:d2:f0,SW: 1.1a,SE:   242,SD:,TE: 25.7,HU: 37.4,PR:102.3,AN:  34,AL:0,D1:0
Nov 04 15:39:33, NI:RIOT3-5c:cf:7f:00:72:6e,SW: 1.0a,SE:   274,IS:,Z0:    0
Nov 04 15:39:33, NI:RIOT2-5c:cf:7f:c6:d2:f0,SW: 1.1a,SE:   243,SD:,TE: 25.7,HU: 37.5,PR:102.3,AN:  54,AL:0,D1:0
Nov 04 15:40:32, NI:RIOT3-5c:cf:7f:00:72:6e,SW: 1.0a,SE:   275,IS:,Z0:    0
Nov 04 15:40:33, NI:RIOT2-5c:cf:7f:c6:d2:f0,SW: 1.1a,SE:   244,SD:,TE: 25.7,HU: 37.4,PR:102.3,AN:  32,AL:0,D1:0
Nov 04 15:40:48, NI:RIOT3-5c:cf:7f:00:72:6e,SW: 1.0a,SE:   276,IS:,Z0:    0
Nov 04 15:40:48, NI:RIOT2-5c:cf:7f:c6:d2:f0,SW: 1.1a,SE:   245,SD:,TE: 25.7,HU: 37.6,PR:102.3,AN:  58,AL:0,D1:0
Nov 04 15:41:20, NI:RIOT3-5c:cf:7f:00:72:6e,SW: 1.0a,SE:   277,IS:,Z1:    1
Nov 04 15:41:20, NI:RIOT3-5c:cf:7f:00:72:6e,SW: 1.0a,SE:   278,IS:,Z2:    1
Nov 04 15:41:21, NI:RIOT3-5c:cf:7f:00:72:6e,SW: 1.0a,SE:   279,IS:,Z3:    1
Nov 04 15:41:22, NI:RIOT3-5c:cf:7f:00:72:6e,SW: 1.0a,SE:   280,IS:,Z4:    1
Nov 04 15:41:23, NI:RIOT3-5c:cf:7f:00:72:6e,SW: 1.0a,SE:   281,IS:,Z5:    1
Nov 04 15:41:24, NI:RIOT3-5c:cf:7f:00:72:6e,SW: 1.0a,SE:   282,IS:,Z6:    1
Nov 04 15:41:25, NI:RIOT3-5c:cf:7f:00:72:6e,SW: 1.0a,SE:   283,IS:,Z7:    1
Nov 04 15:41:26, NI:RIOT3-5c:cf:7f:00:72:6e,SW: 1.0a,SE:   284,IS:,Z8:    1
Nov 04 15:41:27, NI:RIOT3-5c:cf:7f:00:72:6e,SW: 1.0a,SE:   285,IS:,Z0:    0
Nov 04 15:41:48, NI:RIOT2-5c:cf:7f:c6:d2:f0,SW: 1.1a,SE:   246,SD:,TE: 25.7,HU: 37.6,PR:102.3,AN:  54,AL:0,D1:0
Nov 04 15:42:27, NI:RIOT3-5c:cf:7f:00:72:6e,SW: 1.0a,SE:   286,IS:,Z1:    1
Nov 04 15:42:28, NI:RIOT3-5c:cf:7f:00:72:6e,SW: 1.0a,SE:   287,IS:,Z2:    2
Nov 04 15:42:30, NI:RIOT3-5c:cf:7f:00:72:6e,SW: 1.0a,SE:   288,IS:,Z3:    3
Nov 04 15:42:33, NI:RIOT3-5c:cf:7f:00:72:6e,SW: 1.0a,SE:   289,IS:,Z4:    4
Nov 04 15:42:37, NI:RIOT3-5c:cf:7f:00:72:6e,SW: 1.0a,SE:   290,IS:,Z5:    5
Nov 04 15:42:42, NI:RIOT3-5c:cf:7f:00:72:6e,SW: 1.0a,SE:   291,IS:,Z6:    6
Nov 04 15:42:48, NI:RIOT2-5c:cf:7f:c6:d2:f0,SW: 1.1a,SE:   247,SD:,TE: 25.7,HU: 37.5,PR:102.3,AN:  43,AL:0,D1:0
Nov 04 15:42:48, NI:RIOT3-5c:cf:7f:00:72:6e,SW: 1.0a,SE:   292,IS:,Z7:    7
Nov 04 15:42:55, NI:RIOT3-5c:cf:7f:00:72:6e,SW: 1.0a,SE:   293,IS:,Z8:    8
Nov 04 15:43:03, NI:RIOT3-5c:cf:7f:00:72:6e,SW: 1.0a,SE:   294,IS:,Z0:    0
Nov 04 15:43:48, NI:RIOT2-5c:cf:7f:c6:d2:f0,SW: 1.1a,SE:   248,SD:,TE: 25.6,HU: 37.8,PR:102.3,AN:  39,AL:0,D1:0
Nov 04 15:44:03, NI:RIOT3-5c:cf:7f:00:72:6e,SW: 1.0a,SE:   295,IS:,Z0:    0
Nov 04 15:44:48, NI:RIOT2-5c:cf:7f:c6:d2:f0,SW: 1.1a,SE:   249,SD:,TE: 25.6,HU: 37.7,PR:102.4,AN:  25,AL:0,D1:0
Nov 04 15:45:03, NI:RIOT3-5c:cf:7f:00:72:6e,SW: 1.0a,SE:   296,IS:,Z0:    0
Nov 04 15:45:48, NI:RIOT2-5c:cf:7f:c6:d2:f0,SW: 1.1a,SE:   250,SD:,TE: 25.6,HU: 37.7,PR:102.4,AN:  56,AL:0,D1:0
