Sep 13 11:43:32, NI,RIOT2-5c:cf:7f:c6:aa:f4,SW, 1.0m,TE, 32.1,HU, 33.8,PR,101.2,SE,   112,A1, 122,D1,1,D2,1
Sep 13 11:43:32, NI,RIOT2-5c:cf:7f:00:72:6e,SW, 1.0m,TE, 28.4,HU, 40.5,PR,101.2,SE,   112,A1, 172,D1,1,D2,1
Sep 13 11:43:32, NI,RIOT2-5c:cf:7f:c6:ad:5c,SW, 1.0n,TE, 29.6,HU, 38.8,PR,101.2,SE,    82,A1,  17,D1,1,D2,1
Sep 13 11:43:32, NI,RIOT2-5c:cf:7f:0d:d8:b3,SW, 1.0m,TE, 28.6,HU, 40.3,PR,101.2,SE,   112,A1, 276,D1,1,D2,1
Sep 13 11:43:32, NI,RIOT2-5c:cf:7f:c6:d2:f0,SW, 1.0m,TE, 26.1,HU, 30.3,PR,101.0,SE,   112,A1,  32,D1,1,D2,1
Sep 13 11:43:37, NI,RIOT2-5c:cf:7f:00:72:6e,SW, 1.0m,TE, 28.5,HU, 40.5,PR,101.2,SE,   113,A1, 198,D1,1,D2,1
Sep 13 11:43:37, NI,RIOT2-5c:cf:7f:c6:aa:f4,SW, 1.0m,TE, 32.1,HU, 33.8,PR,101.2,SE,   113,A1, 140,D1,1,D2,1
Sep 13 11:43:37, NI,RIOT2-5c:cf:7f:c6:ad:5c,SW, 1.0n,TE, 29.6,HU, 38.8,PR,101.2,SE,    83,A1,  19,D1,1,D2,1
Sep 13 11:43:37, NI,RIOT2-5c:cf:7f:0d:d8:b3,SW, 1.0m,TE, 28.6,HU, 40.2,PR,101.2,SE,   113,A1, 454,D1,1,D2,1
Sep 13 11:43:37, NI,RIOT2-5c:cf:7f:c6:d2:f0,SW, 1.0m,TE, 26.2,HU, 30.4,PR,101.0,SE,   113,A1,  38,D1,1,D2,1
Sep 13 11:43:42, NI,RIOT2-5c:cf:7f:00:72:6e,SW, 1.0m,TE, 28.4,HU, 40.6,PR,101.2,SE,   114,A1, 235,D1,1,D2,1
Sep 13 11:43:42, NI,RIOT2-5c:cf:7f:c6:aa:f4,SW, 1.0m,TE, 32.1,HU, 33.8,PR,101.2,SE,   114,A1, 204,D1,1,D2,1
Sep 13 11:43:42, NI,RIOT2-5c:cf:7f:c6:ad:5c,SW, 1.0n,TE, 29.6,HU, 38.7,PR,101.2,SE,    84,A1,  18,D1,1,D2,1
Sep 13 11:43:42, NI,RIOT2-5c:cf:7f:0d:d8:b3,SW, 1.0m,TE, 28.6,HU, 40.3,PR,101.2,SE,   114,A1, 605,D1,1,D2,1
Sep 13 11:43:42, NI,RIOT2-5c:cf:7f:c6:d2:f0,SW, 1.0m,TE, 26.2,HU, 30.4,PR,101.0,SE,   114,A1,  62,D1,1,D2,1
Sep 13 11:43:47, NI,RIOT2-5c:cf:7f:00:72:6e,SW, 1.0m,TE, 28.5,HU, 40.5,PR,101.2,SE,   115,A1, 419,D1,1,D2,1
Sep 13 11:43:47, NI,RIOT2-5c:cf:7f:c6:ad:5c,SW, 1.0n,TE, 29.6,HU, 38.6,PR,101.2,SE,    85,A1,  27,D1,1,D2,1
Sep 13 11:43:47, NI,RIOT2-5c:cf:7f:c6:aa:f4,SW, 1.0m,TE, 32.1,HU, 33.8,PR,101.2,SE,   115,A1, 313,D1,1,D2,1
Sep 13 11:43:47, NI,RIOT2-5c:cf:7f:0d:d8:b3,SW, 1.0m,TE, 28.6,HU, 40.2,PR,101.2,SE,   115,A1, 745,D1,1,D2,1
Sep 13 11:43:47, NI,RIOT2-5c:cf:7f:c6:d2:f0,SW, 1.0m,TE, 26.2,HU, 30.4,PR,101.0,SE,   115,A1,  77,D1,1,D2,1
Sep 13 11:43:52, NI,RIOT2-5c:cf:7f:c6:aa:f4,SW, 1.0m,TE, 32.1,HU, 33.8,PR,101.2,SE,   116,A1, 458,D1,1,D2,1
Sep 13 11:43:52, NI,RIOT2-5c:cf:7f:00:72:6e,SW, 1.0m,TE, 28.4,HU, 40.6,PR,101.2,SE,   116,A1, 670,D1,1,D2,1
Sep 13 11:43:52, NI,RIOT2-5c:cf:7f:c6:ad:5c,SW, 1.0n,TE, 29.6,HU, 38.8,PR,101.2,SE,    86,A1,  39,D1,1,D2,1
Sep 13 11:43:52, NI,RIOT2-5c:cf:7f:0d:d8:b3,SW, 1.0m,TE, 28.6,HU, 40.3,PR,101.2,SE,   116,A1, 889,D1,1,D2,1
Sep 13 11:43:52, NI,RIOT2-5c:cf:7f:c6:d2:f0,SW, 1.0m,TE, 26.2,HU, 30.4,PR,101.0,SE,   116,A1, 103,D1,1,D2,1
Sep 13 11:43:57, NI,RIOT2-5c:cf:7f:c6:aa:f4,SW, 1.0m,TE, 32.2,HU, 33.7,PR,101.2,SE,   117,A1, 524,D1,1,D2,1
Sep 13 11:43:57, NI,RIOT2-5c:cf:7f:00:72:6e,SW, 1.0m,TE, 28.4,HU, 40.7,PR,101.2,SE,   117,A1, 847,D1,1,D2,1
Sep 13 11:43:57, NI,RIOT2-5c:cf:7f:c6:ad:5c,SW, 1.0n,TE, 29.6,HU, 38.9,PR,101.2,SE,    87,A1,  75,D1,1,D2,1
Sep 13 11:43:57, NI,RIOT2-5c:cf:7f:0d:d8:b3,SW, 1.0m,TE, 28.6,HU, 40.4,PR,101.2,SE,   117,A1, 868,D1,1,D2,1
Sep 13 11:43:57, NI,RIOT2-5c:cf:7f:c6:d2:f0,SW, 1.0m,TE, 26.2,HU, 30.4,PR,101.0,SE,   117,A1, 190,D1,1,D2,1
Sep 13 11:44:02, NI,RIOT2-5c:cf:7f:00:72:6e,SW, 1.0m,TE, 28.5,HU, 40.5,PR,101.2,SE,   118,A1, 500,D1,1,D2,1
Sep 13 11:44:02, NI,RIOT2-5c:cf:7f:c6:aa:f4,SW, 1.0m,TE, 32.2,HU, 33.7,PR,101.2,SE,   118,A1, 495,D1,1,D2,1
Sep 13 11:44:02, NI,RIOT2-5c:cf:7f:c6:ad:5c,SW, 1.0n,TE, 29.6,HU, 38.9,PR,101.2,SE,    88,A1, 129,D1,1,D2,1
Sep 13 11:44:02, NI,RIOT2-5c:cf:7f:0d:d8:b3,SW, 1.0m,TE, 28.6,HU, 40.3,PR,101.2,SE,   118,A1, 785,D1,1,D2,1
Sep 13 11:44:02, NI,RIOT2-5c:cf:7f:c6:d2:f0,SW, 1.0m,TE, 26.2,HU, 30.4,PR,101.0,SE,   118,A1, 684,D1,1,D2,1
Sep 13 11:44:07, NI,RIOT2-5c:cf:7f:c6:aa:f4,SW, 1.0m,TE, 32.2,HU, 33.6,PR,101.2,SE,   119,A1, 404,D1,1,D2,1
Sep 13 11:44:07, NI,RIOT2-5c:cf:7f:00:72:6e,SW, 1.0m,TE, 28.4,HU, 40.3,PR,101.2,SE,   119,A1, 692,D1,1,D2,1
Sep 13 11:44:07, NI,RIOT2-5c:cf:7f:c6:ad:5c,SW, 1.0n,TE, 29.6,HU, 38.9,PR,101.2,SE,    89,A1, 171,D1,1,D2,1
Sep 13 11:44:07, NI,RIOT2-5c:cf:7f:0d:d8:b3,SW, 1.0m,TE, 28.6,HU, 40.1,PR,101.2,SE,   119,A1, 650,D1,1,D2,1
Sep 13 11:44:07, NI,RIOT2-5c:cf:7f:c6:d2:f0,SW, 1.0m,TE, 26.2,HU, 30.4,PR,101.0,SE,   119,A1, 876,D1,1,D2,1
Sep 13 11:44:12, NI,RIOT2-5c:cf:7f:00:72:6e,SW, 1.0m,TE, 28.4,HU, 40.2,PR,101.2,SE,   120,A1, 584,D1,1,D2,1
Sep 13 11:44:12, NI,RIOT2-5c:cf:7f:c6:aa:f4,SW, 1.0m,TE, 32.2,HU, 33.5,PR,101.2,SE,   120,A1, 276,D1,1,D2,1
Sep 13 11:44:12, NI,RIOT2-5c:cf:7f:c6:ad:5c,SW, 1.0n,TE, 29.6,HU, 38.8,PR,101.2,SE,    90,A1, 221,D1,1,D2,1
Sep 13 11:44:12, NI,RIOT2-5c:cf:7f:0d:d8:b3,SW, 1.0m,TE, 28.6,HU, 40.0,PR,101.2,SE,   120,A1, 432,D1,1,D2,1
Sep 13 11:44:12, NI,RIOT2-5c:cf:7f:c6:d2:f0,SW, 1.0m,TE, 26.2,HU, 30.2,PR,101.0,SE,   120,A1, 862,D1,1,D2,1
Sep 13 11:44:17, NI,RIOT2-5c:cf:7f:00:72:6e,SW, 1.0m,TE, 28.4,HU, 40.1,PR,101.2,SE,   121,A1, 264,D1,1,D2,1
Sep 13 11:44:17, NI,RIOT2-5c:cf:7f:c6:aa:f4,SW, 1.0m,TE, 32.1,HU, 33.2,PR,101.2,SE,   121,A1,  32,D1,1,D2,1
Sep 13 11:44:17, NI,RIOT2-5c:cf:7f:c6:ad:5c,SW, 1.0n,TE, 29.6,HU, 38.8,PR,101.2,SE,    91,A1, 219,D1,1,D2,1
Sep 13 11:44:17, NI,RIOT2-5c:cf:7f:0d:d8:b3,SW, 1.0m,TE, 28.6,HU, 39.8,PR,101.2,SE,   121,A1,  76,D1,1,D2,1
Sep 13 11:44:17, NI,RIOT2-5c:cf:7f:c6:d2:f0,SW, 1.0m,TE, 26.2,HU, 30.0,PR,101.0,SE,   121,A1, 795,D1,1,D2,1
Sep 13 11:44:22, NI,RIOT2-5c:cf:7f:00:72:6e,SW, 1.0m,TE, 28.3,HU, 40.1,PR,101.2,SE,   122,A1,   0,D1,1,D2,1
Sep 13 11:44:22, NI,RIOT2-5c:cf:7f:c6:ad:5c,SW, 1.0n,TE, 29.6,HU, 38.8,PR,101.2,SE,    92,A1, 183,D1,1,D2,1
Sep 13 11:44:22, NI,RIOT2-5c:cf:7f:c6:aa:f4,SW, 1.0m,TE, 32.0,HU, 33.1,PR,101.2,SE,   122,A1,  10,D1,1,D2,1
Sep 13 11:44:22, NI,RIOT2-5c:cf:7f:0d:d8:b3,SW, 1.0m,TE, 28.5,HU, 39.8,PR,101.2,SE,   122,A1,  48,D1,1,D2,1
Sep 13 11:44:22, NI,RIOT2-5c:cf:7f:c6:d2:f0,SW, 1.0m,TE, 26.2,HU, 29.9,PR,101.1,SE,   122,A1, 692,D1,1,D2,1
Sep 13 11:44:27, NI,RIOT2-5c:cf:7f:00:72:6e,SW, 1.0m,TE, 28.4,HU, 40.3,PR,101.2,SE,   123,A1,  10,D1,1,D2,1
Sep 13 11:44:27, NI,RIOT2-5c:cf:7f:c6:aa:f4,SW, 1.0m,TE, 32.0,HU, 33.2,PR,101.2,SE,   123,A1,  21,D1,1,D2,1
Sep 13 11:44:27, NI,RIOT2-5c:cf:7f:c6:ad:5c,SW, 1.0n,TE, 29.6,HU, 38.7,PR,101.2,SE,    93,A1, 118,D1,1,D2,1
Sep 13 11:44:27, NI,RIOT2-5c:cf:7f:0d:d8:b3,SW, 1.0m,TE, 28.5,HU, 40.0,PR,101.2,SE,   123,A1,  66,D1,1,D2,1
Sep 13 11:44:27, NI,RIOT2-5c:cf:7f:c6:d2:f0,SW, 1.0m,TE, 26.1,HU, 29.8,PR,101.0,SE,   123,A1, 535,D1,1,D2,1
Sep 13 11:44:32, NI,RIOT2-5c:cf:7f:c6:aa:f4,SW, 1.0m,TE, 32.0,HU, 33.3,PR,101.2,SE,   124,A1,  37,D1,1,D2,1
Sep 13 11:44:32, NI,RIOT2-5c:cf:7f:00:72:6e,SW, 1.0m,TE, 28.3,HU, 40.5,PR,101.2,SE,   124,A1,  32,D1,1,D2,1
Sep 13 11:44:32, NI,RIOT2-5c:cf:7f:c6:ad:5c,SW, 1.0n,TE, 29.6,HU, 38.6,PR,101.2,SE,    94,A1, 200,D1,1,D2,1
Sep 13 11:44:32, NI,RIOT2-5c:cf:7f:0d:d8:b3,SW, 1.0m,TE, 28.5,HU, 40.2,PR,101.2,SE,   124,A1, 113,D1,1,D2,1
Sep 13 11:44:32, NI,RIOT2-5c:cf:7f:c6:d2:f0,SW, 1.0m,TE, 26.1,HU, 30.0,PR,101.0,SE,   124,A1, 318,D1,1,D2,1
Sep 13 11:44:37, NI,RIOT2-5c:cf:7f:00:72:6e,SW, 1.0m,TE, 28.3,HU, 41.3,PR,101.2,SE,   125,A1,  81,D1,1,D2,1
Sep 13 11:44:37, NI,RIOT2-5c:cf:7f:c6:aa:f4,SW, 1.0m,TE, 32.0,HU, 33.7,PR,101.2,SE,   125,A1,  57,D1,1,D2,1
Sep 13 11:44:37, NI,RIOT2-5c:cf:7f:c6:ad:5c,SW, 1.0n,TE, 29.6,HU, 38.6,PR,101.2,SE,    95,A1,  17,D1,1,D2,1
Sep 13 11:44:37, NI,RIOT2-5c:cf:7f:0d:d8:b3,SW, 1.0m,TE, 28.5,HU, 41.0,PR,101.2,SE,   125,A1, 161,D1,1,D2,1
Sep 13 11:44:37, NI,RIOT2-5c:cf:7f:c6:d2:f0,SW, 1.0m,TE, 26.1,HU, 30.3,PR,101.0,SE,   125,A1,  17,D1,1,D2,1
Sep 13 11:44:42, NI,RIOT2-5c:cf:7f:00:72:6e,SW, 1.0m,TE, 28.3,HU, 41.2,PR,101.2,SE,   126,A1, 129,D1,1,D2,1
Sep 13 11:44:42, NI,RIOT2-5c:cf:7f:c6:aa:f4,SW, 1.0m,TE, 32.0,HU, 33.7,PR,101.2,SE,   126,A1,  95,D1,1,D2,1
Sep 13 11:44:42, NI,RIOT2-5c:cf:7f:c6:ad:5c,SW, 1.0n,TE, 29.6,HU, 38.8,PR,101.2,SE,    96,A1,  16,D1,1,D2,1
Sep 13 11:44:42, NI,RIOT2-5c:cf:7f:0d:d8:b3,SW, 1.0m,TE, 28.5,HU, 40.8,PR,101.2,SE,   126,A1, 225,D1,1,D2,1
Sep 13 11:44:42, NI,RIOT2-5c:cf:7f:c6:d2:f0,SW, 1.0m,TE, 26.0,HU, 30.7,PR,101.0,SE,   126,A1,  20,D1,1,D2,1
Sep 13 11:44:47, NI,RIOT2-5c:cf:7f:c6:aa:f4,SW, 1.0m,TE, 32.0,HU, 33.9,PR,101.2,SE,   127,A1, 131,D1,1,D2,1
Sep 13 11:44:47, NI,RIOT2-5c:cf:7f:00:72:6e,SW, 1.0m,TE, 28.3,HU, 41.6,PR,101.2,SE,   127,A1, 186,D1,1,D2,1
Sep 13 11:44:47, NI,RIOT2-5c:cf:7f:0d:d8:b3,SW, 1.0m,TE, 28.5,HU, 41.3,PR,101.2,SE,   127,A1, 314,D1,1,D2,1
Sep 13 11:44:47, NI,RIOT2-5c:cf:7f:c6:ad:5c,SW, 1.0n,TE, 29.6,HU, 38.8,PR,101.2,SE,    97,A1,  15,D1,1,D2,1
Sep 13 11:44:47, NI,RIOT2-5c:cf:7f:c6:d2:f0,SW, 1.0m,TE, 26.0,HU, 30.9,PR,101.0,SE,   127,A1,  34,D1,1,D2,1
Sep 13 11:44:52, NI,RIOT2-5c:cf:7f:c6:aa:f4,SW, 1.0m,TE, 32.0,HU, 33.8,PR,101.2,SE,   128,A1, 232,D1,1,D2,1
Sep 13 11:44:52, NI,RIOT2-5c:cf:7f:00:72:6e,SW, 1.0m,TE, 28.3,HU, 41.4,PR,101.2,SE,   128,A1, 265,D1,1,D2,1
Sep 13 11:44:52, NI,RIOT2-5c:cf:7f:c6:ad:5c,SW, 1.0n,TE, 29.6,HU, 39.1,PR,101.2,SE,    98,A1,  22,D1,1,D2,1
Sep 13 11:44:52, NI,RIOT2-5c:cf:7f:0d:d8:b3,SW, 1.0m,TE, 28.5,HU, 40.9,PR,101.2,SE,   128,A1, 591,D1,1,D2,1
Sep 13 11:44:52, NI,RIOT2-5c:cf:7f:c6:d2:f0,SW, 1.0m,TE, 26.0,HU, 31.0,PR,101.1,SE,   128,A1,  61,D1,1,D2,1
Sep 13 11:44:57, NI,RIOT2-5c:cf:7f:00:72:6e,SW, 1.0m,TE, 28.3,HU, 41.7,PR,101.2,SE,   129,A1, 570,D1,1,D2,1
Sep 13 11:44:57, NI,RIOT2-5c:cf:7f:c6:aa:f4,SW, 1.0m,TE, 32.0,HU, 33.9,PR,101.2,SE,   129,A1, 387,D1,1,D2,1
Sep 13 11:44:57, NI,RIOT2-5c:cf:7f:c6:ad:5c,SW, 1.0n,TE, 29.6,HU, 38.9,PR,101.2,SE,    99,A1,  44,D1,1,D2,1
Sep 13 11:44:57, NI,RIOT2-5c:cf:7f:0d:d8:b3,SW, 1.0m,TE, 28.5,HU, 41.3,PR,101.2,SE,   129,A1, 814,D1,1,D2,1
Sep 13 11:44:57, NI,RIOT2-5c:cf:7f:c6:d2:f0,SW, 1.0m,TE, 26.0,HU, 31.1,PR,101.0,SE,   129,A1,  83,D1,1,D2,1
Sep 13 11:45:02, NI,RIOT2-5c:cf:7f:00:72:6e,SW, 1.0m,TE, 28.3,HU, 41.6,PR,101.2,SE,   130,A1, 784,D1,1,D2,1
Sep 13 11:45:02, NI,RIOT2-5c:cf:7f:c6:aa:f4,SW, 1.0m,TE, 32.0,HU, 33.9,PR,101.2,SE,   130,A1, 506,D1,1,D2,1
Sep 13 11:45:02, NI,RIOT2-5c:cf:7f:c6:ad:5c,SW, 1.0n,TE, 29.6,HU, 38.9,PR,101.2,SE,   100,A1,  63,D1,1,D2,1
Sep 13 11:45:02, NI,RIOT2-5c:cf:7f:0d:d8:b3,SW, 1.0m,TE, 28.5,HU, 41.3,PR,101.2,SE,   130,A1, 879,D1,1,D2,1
Sep 13 11:45:02, NI,RIOT2-5c:cf:7f:c6:d2:f0,SW, 1.0m,TE, 26.0,HU, 31.3,PR,101.0,SE,   130,A1, 139,D1,1,D2,1
Sep 13 11:45:07, NI,RIOT2-5c:cf:7f:00:72:6e,SW, 1.0m,TE, 28.3,HU, 41.7,PR,101.2,SE,   131,A1, 850,D1,1,D2,1
Sep 13 11:45:07, NI,RIOT2-5c:cf:7f:c6:aa:f4,SW, 1.0m,TE, 32.0,HU, 34.0,PR,101.2,SE,   131,A1, 530,D1,1,D2,1
Sep 13 11:45:07, NI,RIOT2-5c:cf:7f:c6:ad:5c,SW, 1.0n,TE, 29.6,HU, 39.5,PR,101.2,SE,   101,A1,  90,D1,1,D2,1
Sep 13 11:45:07, NI,RIOT2-5c:cf:7f:0d:d8:b3,SW, 1.0m,TE, 28.5,HU, 41.4,PR,101.2,SE,   131,A1, 872,D1,1,D2,1
Sep 13 11:45:07, NI,RIOT2-5c:cf:7f:c6:d2:f0,SW, 1.0m,TE, 26.0,HU, 31.4,PR,101.0,SE,   131,A1, 183,D1,1,D2,1
Sep 13 11:45:12, NI,RIOT2-5c:cf:7f:00:72:6e,SW, 1.0m,TE, 28.3,HU, 41.2,PR,101.2,SE,   132,A1, 824,D1,1,D2,1
Sep 13 11:45:12, NI,RIOT2-5c:cf:7f:c6:aa:f4,SW, 1.0m,TE, 32.0,HU, 34.0,PR,101.2,SE,   132,A1, 513,D1,1,D2,1
Sep 13 11:45:12, NI,RIOT2-5c:cf:7f:c6:ad:5c,SW, 1.0n,TE, 29.6,HU, 39.3,PR,101.2,SE,   102,A1, 127,D1,1,D2,1
Sep 13 11:45:12, NI,RIOT2-5c:cf:7f:0d:d8:b3,SW, 1.0m,TE, 28.5,HU, 40.8,PR,101.2,SE,   132,A1, 450,D1,1,D2,1
Sep 13 11:45:12, NI,RIOT2-5c:cf:7f:c6:d2:f0,SW, 1.0m,TE, 26.0,HU, 31.5,PR,101.0,SE,   132,A1, 355,D1,1,D2,1
Sep 13 11:45:17, NI,RIOT2-5c:cf:7f:c6:aa:f4,SW, 1.0m,TE, 32.1,HU, 34.0,PR,101.2,SE,   133,A1, 476,D1,1,D2,1
Sep 13 11:45:17, NI,RIOT2-5c:cf:7f:00:72:6e,SW, 1.0m,TE, 28.3,HU, 40.7,PR,101.2,SE,   133,A1, 779,D1,1,D2,1
Sep 13 11:45:17, NI,RIOT2-5c:cf:7f:c6:ad:5c,SW, 1.0n,TE, 29.6,HU, 39.2,PR,101.2,SE,   103,A1, 153,D1,1,D2,1
Sep 13 11:45:17, NI,RIOT2-5c:cf:7f:0d:d8:b3,SW, 1.0m,TE, 28.6,HU, 40.5,PR,101.2,SE,   133,A1, 774,D1,1,D2,1
Sep 13 11:45:17, NI,RIOT2-5c:cf:7f:c6:d2:f0,SW, 1.0m,TE, 26.0,HU, 31.1,PR,101.0,SE,   133,A1, 629,D1,1,D2,1
Sep 13 11:45:22, NI,RIOT2-5c:cf:7f:00:72:6e,SW, 1.0m,TE, 28.3,HU, 40.6,PR,101.2,SE,   134,A1, 737,D1,1,D2,1
Sep 13 11:45:22, NI,RIOT2-5c:cf:7f:c6:aa:f4,SW, 1.0m,TE, 32.1,HU, 34.0,PR,101.2,SE,   134,A1, 445,D1,1,D2,1
Sep 13 11:45:22, NI,RIOT2-5c:cf:7f:c6:ad:5c,SW, 1.0n,TE, 29.6,HU, 39.0,PR,101.2,SE,   104,A1, 181,D1,1,D2,1
Sep 13 11:45:22, NI,RIOT2-5c:cf:7f:0d:d8:b3,SW, 1.0m,TE, 28.6,HU, 40.4,PR,101.2,SE,   134,A1, 727,D1,1,D2,1
Sep 13 11:45:22, NI,RIOT2-5c:cf:7f:c6:d2:f0,SW, 1.0m,TE, 26.0,HU, 30.2,PR,101.0,SE,   134,A1, 746,D1,1,D2,1
Sep 13 11:45:27, NI,RIOT2-5c:cf:7f:c6:aa:f4,SW, 1.0m,TE, 32.1,HU, 33.9,PR,101.2,SE,   135,A1, 384,D1,1,D2,1
Sep 13 11:45:27, NI,RIOT2-5c:cf:7f:00:72:6e,SW, 1.0m,TE, 28.3,HU, 40.6,PR,101.2,SE,   135,A1, 675,D1,1,D2,1
Sep 13 11:45:27, NI,RIOT2-5c:cf:7f:c6:ad:5c,SW, 1.0n,TE, 29.5,HU, 39.0,PR,101.2,SE,   105,A1, 204,D1,1,D2,1
Sep 13 11:45:27, NI,RIOT2-5c:cf:7f:0d:d8:b3,SW, 1.0m,TE, 28.6,HU, 40.3,PR,101.2,SE,   135,A1, 653,D1,1,D2,1
Sep 13 11:45:27, NI,RIOT2-5c:cf:7f:c6:d2:f0,SW, 1.0m,TE, 26.0,HU, 30.2,PR,101.0,SE,   135,A1, 695,D1,1,D2,1
Sep 13 11:45:32, NI,RIOT2-5c:cf:7f:c6:aa:f4,SW, 1.0m,TE, 32.1,HU, 34.0,PR,101.2,SE,   136,A1, 306,D1,1,D2,1
Sep 13 11:45:32, NI,RIOT2-5c:cf:7f:00:72:6e,SW, 1.0m,TE, 28.3,HU, 40.4,PR,101.2,SE,   136,A1, 612,D1,1,D2,1
Sep 13 11:45:32, NI,RIOT2-5c:cf:7f:c6:ad:5c,SW, 1.0n,TE, 29.5,HU, 38.9,PR,101.2,SE,   106,A1, 216,D1,1,D2,1
Sep 13 11:45:32, NI,RIOT2-5c:cf:7f:0d:d8:b3,SW, 1.0m,TE, 28.5,HU, 40.0,PR,101.2,SE,   136,A1, 584,D1,1,D2,1
Sep 13 11:45:32, NI,RIOT2-5c:cf:7f:c6:d2:f0,SW, 1.0m,TE, 26.1,HU, 30.3,PR,101.0,SE,   136,A1, 881,D1,1,D2,1
Sep 13 11:45:37, NI,RIOT2-5c:cf:7f:c6:aa:f4,SW, 1.0m,TE, 32.1,HU, 33.9,PR,101.2,SE,   137,A1, 164,D1,1,D2,1
Sep 13 11:45:37, NI,RIOT2-5c:cf:7f:00:72:6e,SW, 1.0m,TE, 28.3,HU, 40.3,PR,101.2,SE,   137,A1, 515,D1,1,D2,1
Sep 13 11:45:37, NI,RIOT2-5c:cf:7f:c6:ad:5c,SW, 1.0n,TE, 29.5,HU, 38.9,PR,101.2,SE,   107,A1, 225,D1,1,D2,1
Sep 13 11:45:37, NI,RIOT2-5c:cf:7f:0d:d8:b3,SW, 1.0m,TE, 28.5,HU, 40.0,PR,101.2,SE,   137,A1, 265,D1,1,D2,1
Sep 13 11:45:37, NI,RIOT2-5c:cf:7f:c6:d2:f0,SW, 1.0m,TE, 26.1,HU, 30.3,PR,101.0,SE,   137,A1, 835,D1,1,D2,1
Sep 13 11:45:42, NI,RIOT2-5c:cf:7f:c6:aa:f4,SW, 1.0m,TE, 32.2,HU, 33.9,PR,101.2,SE,   138,A1,  18,D1,1,D2,1
Sep 13 11:45:42, NI,RIOT2-5c:cf:7f:00:72:6e,SW, 1.0m,TE, 28.3,HU, 40.3,PR,101.2,SE,   138,A1, 131,D1,1,D2,1
Sep 13 11:45:42, NI,RIOT2-5c:cf:7f:c6:ad:5c,SW, 1.0n,TE, 29.6,HU, 38.8,PR,101.2,SE,   108,A1, 196,D1,1,D2,1
Sep 13 11:45:42, NI,RIOT2-5c:cf:7f:0d:d8:b3,SW, 1.0m,TE, 28.5,HU, 40.0,PR,101.2,SE,   138,A1,  39,D1,1,D2,1
Sep 13 11:45:42, NI,RIOT2-5c:cf:7f:c6:d2:f0,SW, 1.0m,TE, 26.1,HU, 30.3,PR,101.0,SE,   138,A1, 746,D1,1,D2,1
Sep 13 11:45:47, NI,RIOT2-5c:cf:7f:c6:aa:f4,SW, 1.0m,TE, 32.2,HU, 33.8,PR,101.2,SE,   139,A1,   9,D1,1,D2,1
Sep 13 11:45:47, NI,RIOT2-5c:cf:7f:00:72:6e,SW, 1.0m,TE, 28.3,HU, 40.7,PR,101.2,SE,   139,A1,   6,D1,1,D2,1
Sep 13 11:45:47, NI,RIOT2-5c:cf:7f:c6:ad:5c,SW, 1.0n,TE, 29.6,HU, 39.1,PR,101.2,SE,   109,A1, 171,D1,1,D2,1
Sep 13 11:45:47, NI,RIOT2-5c:cf:7f:0d:d8:b3,SW, 1.0m,TE, 28.5,HU, 40.4,PR,101.2,SE,   139,A1,  36,D1,1,D2,1
Sep 13 11:45:47, NI,RIOT2-5c:cf:7f:c6:d2:f0,SW, 1.0m,TE, 26.1,HU, 30.3,PR,101.0,SE,   139,A1, 722,D1,1,D2,1
Sep 13 11:45:52, NI,RIOT2-5c:cf:7f:c6:aa:f4,SW, 1.0m,TE, 32.2,HU, 33.8,PR,101.2,SE,   140,A1,  12,D1,1,D2,1
Sep 13 11:45:52, NI,RIOT2-5c:cf:7f:c6:ad:5c,SW, 1.0n,TE, 29.5,HU, 38.7,PR,101.2,SE,   110,A1, 125,D1,1,D2,1
Sep 13 11:45:52, NI,RIOT2-5c:cf:7f:00:72:6e,SW, 1.0m,TE, 28.4,HU, 40.9,PR,101.2,SE,   140,A1,   0,D1,1,D2,1
Sep 13 11:45:52, NI,RIOT2-5c:cf:7f:0d:d8:b3,SW, 1.0m,TE, 28.5,HU, 40.7,PR,101.2,SE,   140,A1,  65,D1,1,D2,1
Sep 13 11:45:52, NI,RIOT2-5c:cf:7f:c6:d2:f0,SW, 1.0m,TE, 26.1,HU, 30.3,PR,101.0,SE,   140,A1, 668,D1,1,D2,1
Sep 13 11:45:57, NI,RIOT2-5c:cf:7f:c6:aa:f4,SW, 1.0m,TE, 32.2,HU, 33.8,PR,101.2,SE,   141,A1,  18,D1,1,D2,1
Sep 13 11:45:57, NI,RIOT2-5c:cf:7f:00:72:6e,SW, 1.0m,TE, 28.4,HU, 41.0,PR,101.2,SE,   141,A1,  20,D1,1,D2,1
Sep 13 11:45:57, NI,RIOT2-5c:cf:7f:c6:ad:5c,SW, 1.0n,TE, 29.6,HU, 39.0,PR,101.2,SE,   111,A1,  82,D1,1,D2,1
Sep 13 11:45:57, NI,RIOT2-5c:cf:7f:0d:d8:b3,SW, 1.0m,TE, 28.5,HU, 40.7,PR,101.2,SE,   141,A1,  69,D1,1,D2,1
Sep 13 11:45:57, NI,RIOT2-5c:cf:7f:c6:d2:f0,SW, 1.0m,TE, 26.2,HU, 30.4,PR,101.0,SE,   141,A1,  16,D1,1,D2,1
Sep 13 11:46:02, NI,RIOT2-5c:cf:7f:c6:aa:f4,SW, 1.0m,TE, 32.1,HU, 33.8,PR,101.2,SE,   142,A1,  38,D1,1,D2,1
Sep 13 11:46:02, NI,RIOT2-5c:cf:7f:00:72:6e,SW, 1.0m,TE, 28.4,HU, 41.0,PR,101.2,SE,   142,A1,  42,D1,1,D2,1
Sep 13 11:46:02, NI,RIOT2-5c:cf:7f:c6:ad:5c,SW, 1.0n,TE, 29.6,HU, 39.6,PR,101.2,SE,   112,A1,  32,D1,1,D2,1
Sep 13 11:46:02, NI,RIOT2-5c:cf:7f:0d:d8:b3,SW, 1.0m,TE, 28.5,HU, 40.7,PR,101.2,SE,   142,A1, 106,D1,1,D2,1
Sep 13 11:46:02, NI,RIOT2-5c:cf:7f:c6:d2:f0,SW, 1.0m,TE, 26.2,HU, 30.4,PR,101.0,SE,   142,A1, 381,D1,1,D2,1
Sep 13 11:46:07, NI,RIOT2-5c:cf:7f:c6:aa:f4,SW, 1.0m,TE, 32.2,HU, 33.8,PR,101.2,SE,   143,A1,  56,D1,1,D2,1
Sep 13 11:46:07, NI,RIOT2-5c:cf:7f:c6:ad:5c,SW, 1.0n,TE, 29.6,HU, 39.0,PR,101.2,SE,   113,A1,  18,D1,1,D2,1
Sep 13 11:46:07, NI,RIOT2-5c:cf:7f:00:72:6e,SW, 1.0m,TE, 28.4,HU, 41.2,PR,101.2,SE,   143,A1,  86,D1,1,D2,1
Sep 13 11:46:07, NI,RIOT2-5c:cf:7f:0d:d8:b3,SW, 1.0m,TE, 28.6,HU, 41.0,PR,101.2,SE,   143,A1, 148,D1,1,D2,1
Sep 13 11:46:07, NI,RIOT2-5c:cf:7f:c6:d2:f0,SW, 1.0m,TE, 26.2,HU, 30.4,PR,101.0,SE,   143,A1,  72,D1,1,D2,1
